Started GET "/" for ::1 at 2023-05-03 22:04:30 -0500
  [1m[35m (1.2ms)[0m  [1m[34mSELECT sqlite_version(*)[0m
Processing by HomeController#Inicio as HTML
  Rendering layout layouts/application.html.erb
  Rendering home/Inicio.html.erb within layouts/application
  Rendered home/Inicio.html.erb within layouts/application (Duration: 1.9ms | Allocations: 453)
[Webpacker] Compiling...
[Webpacker] Compilation failed:
yarn run v1.22.19
info Visit https://yarnpkg.com/en/docs/cli/run for documentation about this command.


warning ../../../../../../package.json: No license field
warning ../../../../../../package.json: No license field
error Command "webpack" not found.

  Rendered layout layouts/application.html.erb (Duration: 2601.7ms | Allocations: 16068)
Completed 500 Internal Server Error in 2622ms (ActiveRecord: 0.0ms | Allocations: 23200)


  
ActionView::Template::Error (Webpacker can't find application.js in /home/luis_lemus/Documentos/GitHub/ADSO2558427EQUIPO1WEB/proyecto/proyecto/Web_Curb/public/packs/manifest.json. Possible causes:
1. You want to set webpacker.yml value of compile to true for your environment
   unless you are using the `webpack -w` or the webpack-dev-server.
2. webpack has not yet re-run to reflect updates.
3. You have misconfigured Webpacker's config/webpacker.yml file.
4. Your webpack configuration is not creating a manifest.
Your manifest contains:
{
}
):
     7:     <%= csrf_meta_tags %>
     8:     <%= csp_meta_tag %>
     9:     <%= stylesheet_link_tag 'application', media: 'all', 'data-turbolinks-track': 'reload' %>
    10:     <%= javascript_pack_tag 'application', 'data-turbolinks-track': 'reload' %>
    11:   </head>
    12: 
    13:   <body>
  
app/views/layouts/application.html.erb:10
Started GET "/" for ::1 at 2023-05-03 22:04:33 -0500
Processing by HomeController#Inicio as HTML
  Rendering layout layouts/application.html.erb
  Rendering home/Inicio.html.erb within layouts/application
  Rendered home/Inicio.html.erb within layouts/application (Duration: 0.1ms | Allocations: 41)
[Webpacker] Compiling...
[Webpacker] Compilation failed:
yarn run v1.22.19
info Visit https://yarnpkg.com/en/docs/cli/run for documentation about this command.


warning ../../../../../../package.json: No license field
warning ../../../../../../package.json: No license field
error Command "webpack" not found.

  Rendered layout layouts/application.html.erb (Duration: 628.1ms | Allocations: 4542)
Completed 500 Internal Server Error in 632ms (ActiveRecord: 0.0ms | Allocations: 7570)


  
ActionView::Template::Error (Webpacker can't find application.js in /home/luis_lemus/Documentos/GitHub/ADSO2558427EQUIPO1WEB/proyecto/proyecto/Web_Curb/public/packs/manifest.json. Possible causes:
1. You want to set webpacker.yml value of compile to true for your environment
   unless you are using the `webpack -w` or the webpack-dev-server.
2. webpack has not yet re-run to reflect updates.
3. You have misconfigured Webpacker's config/webpacker.yml file.
4. Your webpack configuration is not creating a manifest.
Your manifest contains:
{
}
):
     7:     <%= csrf_meta_tags %>
     8:     <%= csp_meta_tag %>
     9:     <%= stylesheet_link_tag 'application', media: 'all', 'data-turbolinks-track': 'reload' %>
    10:     <%= javascript_pack_tag 'application', 'data-turbolinks-track': 'reload' %>
    11:   </head>
    12: 
    13:   <body>
  
app/views/layouts/application.html.erb:10
Started GET "/" for ::1 at 2023-05-03 22:11:53 -0500
  [1m[35m (0.6ms)[0m  [1m[34mSELECT sqlite_version(*)[0m
Processing by HomeController#Inicio as HTML
  Rendering layout layouts/application.html.erb
  Rendering home/Inicio.html.erb within layouts/application
  Rendered home/Inicio.html.erb within layouts/application (Duration: 0.6ms | Allocations: 346)
[Webpacker] Compiling...
[Webpacker] Compiled all packs in /home/luis_lemus/Documentos/GitHub/ADSO2558427EQUIPO1WEB/proyecto/proyecto/Web_Curb/public/packs
[Webpacker] warning ../../../../../../package.json: No license field

[Webpacker] Hash: 804a8059a304061a3e74
Version: webpack 4.46.0
Time: 1174ms
Built at: 03/05/2023 10:11:55 p. m.
                                     Asset       Size       Chunks                         Chunk Names
    js/application-271cf8931bb708d2d8bb.js    121 KiB  application  [emitted] [immutable]  application
js/application-271cf8931bb708d2d8bb.js.map    133 KiB  application  [emitted] [dev]        application
                             manifest.json  364 bytes               [emitted]              
Entrypoint application = js/application-271cf8931bb708d2d8bb.js js/application-271cf8931bb708d2d8bb.js.map
[./app/javascript/channels sync recursive _channel\.js$] ./app/javascript/channels sync _channel\.js$ 160 bytes {application} [built]
[./app/javascript/channels/index.js] 211 bytes {application} [built]
[./app/javascript/packs/application.js] 493 bytes {application} [built]
    + 3 hidden modules

  Rendered layout layouts/application.html.erb (Duration: 2881.7ms | Allocations: 7218)
Completed 200 OK in 2892ms (Views: 2885.8ms | ActiveRecord: 0.0ms | Allocations: 13101)


Started GET "/" for ::1 at 2023-05-03 22:12:05 -0500
Processing by HomeController#Inicio as HTML
  Rendering layout layouts/application.html.erb
  Rendering home/Inicio.html.erb within layouts/application
  Rendered home/Inicio.html.erb within layouts/application (Duration: 0.3ms | Allocations: 46)
[Webpacker] Everything's up-to-date. Nothing to do
  Rendered layout layouts/application.html.erb (Duration: 67.5ms | Allocations: 3201)
Completed 200 OK in 70ms (Views: 68.5ms | ActiveRecord: 0.0ms | Allocations: 3713)


Started GET "/" for ::1 at 2023-05-03 22:38:04 -0500
Processing by HomeController#Inicio as HTML
  Rendering layout layouts/application.html.erb
  Rendering home/Inicio.html.erb within layouts/application
  Rendered home/Inicio.html.erb within layouts/application (Duration: 0.6ms | Allocations: 156)
[Webpacker] Everything's up-to-date. Nothing to do
  Rendered layout layouts/application.html.erb (Duration: 8.8ms | Allocations: 3694)
Completed 200 OK in 13ms (Views: 11.4ms | Allocations: 4991)


Started GET "/docs/4.0/assets/brand/bootstrap-solid.svg" for ::1 at 2023-05-03 22:38:04 -0500
  
ActionController::RoutingError (No route matches [GET] "/docs/4.0/assets/brand/bootstrap-solid.svg"):
  
Started GET "/" for ::1 at 2023-05-03 22:38:16 -0500
Processing by HomeController#Inicio as HTML
  Rendering layout layouts/application.html.erb
  Rendering home/Inicio.html.erb within layouts/application
  Rendered home/Inicio.html.erb within layouts/application (Duration: 1.0ms | Allocations: 153)
[Webpacker] Everything's up-to-date. Nothing to do
  Rendered layout layouts/application.html.erb (Duration: 32.4ms | Allocations: 3691)
Completed 200 OK in 43ms (Views: 41.2ms | Allocations: 5008)


Started GET "/" for ::1 at 2023-05-03 22:38:18 -0500
Processing by HomeController#Inicio as HTML
  Rendering layout layouts/application.html.erb
  Rendering home/Inicio.html.erb within layouts/application
  Rendered home/Inicio.html.erb within layouts/application (Duration: 0.1ms | Allocations: 41)
[Webpacker] Everything's up-to-date. Nothing to do
  Rendered layout layouts/application.html.erb (Duration: 6.8ms | Allocations: 3031)
Completed 200 OK in 9ms (Views: 7.8ms | Allocations: 3468)


Started GET "/" for ::1 at 2023-05-03 22:38:19 -0500
Processing by HomeController#Inicio as HTML
  Rendering layout layouts/application.html.erb
  Rendering home/Inicio.html.erb within layouts/application
  Rendered home/Inicio.html.erb within layouts/application (Duration: 0.2ms | Allocations: 41)
[Webpacker] Everything's up-to-date. Nothing to do
  Rendered layout layouts/application.html.erb (Duration: 8.6ms | Allocations: 3032)
Completed 200 OK in 11ms (Views: 9.7ms | Allocations: 3419)


Started GET "/" for ::1 at 2023-05-03 22:38:27 -0500
Processing by HomeController#Inicio as HTML
  Rendering layout layouts/application.html.erb
  Rendering home/Inicio.html.erb within layouts/application
  Rendered home/Inicio.html.erb within layouts/application (Duration: 1.0ms | Allocations: 153)
[Webpacker] Everything's up-to-date. Nothing to do
  Rendered layout layouts/application.html.erb (Duration: 23.7ms | Allocations: 3683)
Completed 200 OK in 31ms (Views: 28.6ms | Allocations: 4946)


Started GET "/" for ::1 at 2023-05-03 22:38:50 -0500
Processing by HomeController#Inicio as HTML
  Rendering layout layouts/application.html.erb
  Rendering home/Inicio.html.erb within layouts/application
  Rendered home/Inicio.html.erb within layouts/application (Duration: 0.1ms | Allocations: 41)
[Webpacker] Everything's up-to-date. Nothing to do
  Rendered layout layouts/application.html.erb (Duration: 5.8ms | Allocations: 3028)
Completed 200 OK in 8ms (Views: 6.9ms | Allocations: 3456)


Started GET "/" for ::1 at 2023-05-03 22:38:54 -0500
Processing by HomeController#Inicio as HTML
  Rendering layout layouts/application.html.erb
  Rendering home/Inicio.html.erb within layouts/application
  Rendered home/Inicio.html.erb within layouts/application (Duration: 0.1ms | Allocations: 41)
[Webpacker] Everything's up-to-date. Nothing to do
  Rendered layout layouts/application.html.erb (Duration: 12.5ms | Allocations: 3028)
Completed 200 OK in 14ms (Views: 13.5ms | Allocations: 3408)


Started GET "/" for ::1 at 2023-05-03 22:39:34 -0500
Processing by HomeController#Inicio as HTML
  Rendering layout layouts/application.html.erb
  Rendering home/Inicio.html.erb within layouts/application
  Rendered home/Inicio.html.erb within layouts/application (Duration: 1.6ms | Allocations: 153)
[Webpacker] Everything's up-to-date. Nothing to do
  Rendered layout layouts/application.html.erb (Duration: 18.0ms | Allocations: 3682)
Completed 200 OK in 28ms (Views: 26.0ms | Allocations: 4938)


Started GET "/" for ::1 at 2023-05-03 22:40:07 -0500
Processing by HomeController#Inicio as HTML
  Rendering layout layouts/application.html.erb
  Rendering home/Inicio.html.erb within layouts/application
  Rendered home/Inicio.html.erb within layouts/application (Duration: 0.9ms | Allocations: 156)
[Webpacker] Everything's up-to-date. Nothing to do
  Rendered layout layouts/application.html.erb (Duration: 8.5ms | Allocations: 3694)
Completed 200 OK in 14ms (Views: 12.4ms | Allocations: 5004)


Started GET "/" for ::1 at 2023-05-03 22:40:13 -0500
Processing by HomeController#Inicio as HTML
  Rendering layout layouts/application.html.erb
  Rendering home/Inicio.html.erb within layouts/application
  Rendered home/Inicio.html.erb within layouts/application (Duration: 1.4ms | Allocations: 154)
[Webpacker] Everything's up-to-date. Nothing to do
  Rendered layout layouts/application.html.erb (Duration: 19.9ms | Allocations: 3692)
Completed 200 OK in 27ms (Views: 24.9ms | Allocations: 5003)


Started GET "/" for ::1 at 2023-05-03 22:40:21 -0500
Processing by HomeController#Inicio as HTML
  Rendering layout layouts/application.html.erb
  Rendering home/Inicio.html.erb within layouts/application
  Rendered home/Inicio.html.erb within layouts/application (Duration: 0.7ms | Allocations: 153)
[Webpacker] Everything's up-to-date. Nothing to do
  Rendered layout layouts/application.html.erb (Duration: 11.5ms | Allocations: 3682)
Completed 200 OK in 17ms (Views: 14.8ms | Allocations: 4985)


Started GET "/" for ::1 at 2023-05-03 22:40:31 -0500
Processing by HomeController#Inicio as HTML
  Rendering layout layouts/application.html.erb
  Rendering home/Inicio.html.erb within layouts/application
  Rendered home/Inicio.html.erb within layouts/application (Duration: 0.5ms | Allocations: 154)
[Webpacker] Everything's up-to-date. Nothing to do
  Rendered layout layouts/application.html.erb (Duration: 7.0ms | Allocations: 3683)
Completed 200 OK in 12ms (Views: 10.7ms | Allocations: 4987)


Started GET "/" for ::1 at 2023-05-03 22:41:15 -0500
Processing by HomeController#Inicio as HTML
  Rendering layout layouts/application.html.erb
  Rendering home/Inicio.html.erb within layouts/application
  Rendered home/Inicio.html.erb within layouts/application (Duration: 1.0ms | Allocations: 153)
[Webpacker] Everything's up-to-date. Nothing to do
  Rendered layout layouts/application.html.erb (Duration: 15.9ms | Allocations: 3681)
Completed 200 OK in 23ms (Views: 20.6ms | Allocations: 4984)


Started GET "/" for ::1 at 2023-05-03 22:41:49 -0500
Processing by HomeController#Inicio as HTML
  Rendering layout layouts/application.html.erb
  Rendering home/Inicio.html.erb within layouts/application
  Rendered home/Inicio.html.erb within layouts/application (Duration: 0.4ms | Allocations: 153)
[Webpacker] Everything's up-to-date. Nothing to do
  Rendered layout layouts/application.html.erb (Duration: 8.6ms | Allocations: 3691)
Completed 200 OK in 11ms (Views: 10.2ms | Allocations: 5000)


Started GET "/" for ::1 at 2023-05-03 22:42:00 -0500
Processing by HomeController#Inicio as HTML
  Rendering layout layouts/application.html.erb
  Rendering home/Inicio.html.erb within layouts/application
  Rendered home/Inicio.html.erb within layouts/application (Duration: 0.9ms | Allocations: 153)
[Webpacker] Everything's up-to-date. Nothing to do
  Rendered layout layouts/application.html.erb (Duration: 12.5ms | Allocations: 3682)
Completed 200 OK in 19ms (Views: 16.2ms | Allocations: 4985)


Started GET "/" for ::1 at 2023-05-03 22:42:05 -0500
Processing by HomeController#Inicio as HTML
  Rendering layout layouts/application.html.erb
  Rendering home/Inicio.html.erb within layouts/application
  Rendered home/Inicio.html.erb within layouts/application (Duration: 1.4ms | Allocations: 153)
[Webpacker] Everything's up-to-date. Nothing to do
  Rendered layout layouts/application.html.erb (Duration: 23.0ms | Allocations: 3682)
Completed 200 OK in 29ms (Views: 26.4ms | Allocations: 4986)


Started GET "/" for ::1 at 2023-05-03 22:42:11 -0500
Processing by HomeController#Inicio as HTML
  Rendering layout layouts/application.html.erb
  Rendering home/Inicio.html.erb within layouts/application
  Rendered home/Inicio.html.erb within layouts/application (Duration: 0.5ms | Allocations: 153)
[Webpacker] Everything's up-to-date. Nothing to do
  Rendered layout layouts/application.html.erb (Duration: 7.9ms | Allocations: 3682)
Completed 200 OK in 12ms (Views: 10.1ms | Allocations: 4985)


Started GET "/" for ::1 at 2023-05-03 22:42:24 -0500
Processing by HomeController#Inicio as HTML
  Rendering layout layouts/application.html.erb
  Rendering home/Inicio.html.erb within layouts/application
  Rendered home/Inicio.html.erb within layouts/application (Duration: 2.9ms | Allocations: 153)
[Webpacker] Everything's up-to-date. Nothing to do
  Rendered layout layouts/application.html.erb (Duration: 13.1ms | Allocations: 3682)
Completed 200 OK in 18ms (Views: 16.6ms | Allocations: 4985)


Started GET "/" for ::1 at 2023-05-03 22:43:14 -0500
Processing by HomeController#Inicio as HTML
  Rendering layout layouts/application.html.erb
  Rendering home/Inicio.html.erb within layouts/application
  Rendered home/Inicio.html.erb within layouts/application (Duration: 1.7ms | Allocations: 158)
[Webpacker] Everything's up-to-date. Nothing to do
  Rendered layout layouts/application.html.erb (Duration: 20.6ms | Allocations: 3696)
Completed 200 OK in 29ms (Views: 26.3ms | Allocations: 5006)


Started GET "/" for ::1 at 2023-05-03 22:43:22 -0500
Processing by HomeController#Inicio as HTML
  Rendering layout layouts/application.html.erb
  Rendering home/Inicio.html.erb within layouts/application
  Rendered home/Inicio.html.erb within layouts/application (Duration: 0.8ms | Allocations: 154)
[Webpacker] Everything's up-to-date. Nothing to do
  Rendered layout layouts/application.html.erb (Duration: 12.2ms | Allocations: 3692)
Completed 200 OK in 18ms (Views: 16.2ms | Allocations: 5002)


Started GET "/" for ::1 at 2023-05-03 22:43:22 -0500
Processing by HomeController#Inicio as HTML
  Rendering layout layouts/application.html.erb
  Rendering home/Inicio.html.erb within layouts/application
  Rendered home/Inicio.html.erb within layouts/application (Duration: 0.1ms | Allocations: 41)
[Webpacker] Everything's up-to-date. Nothing to do
  Rendered layout layouts/application.html.erb (Duration: 5.8ms | Allocations: 3028)
Completed 200 OK in 8ms (Views: 6.9ms | Allocations: 3456)


Started GET "/" for ::1 at 2023-05-03 22:43:29 -0500
Processing by HomeController#Inicio as HTML
  Rendering layout layouts/application.html.erb
  Rendering home/Inicio.html.erb within layouts/application
  Rendered home/Inicio.html.erb within layouts/application (Duration: 0.8ms | Allocations: 153)
[Webpacker] Everything's up-to-date. Nothing to do
  Rendered layout layouts/application.html.erb (Duration: 14.2ms | Allocations: 3682)
Completed 200 OK in 22ms (Views: 20.1ms | Allocations: 4937)


Started GET "/" for ::1 at 2023-05-03 22:43:43 -0500
Processing by HomeController#Inicio as HTML
  Rendering layout layouts/application.html.erb
  Rendering home/Inicio.html.erb within layouts/application
  Rendered home/Inicio.html.erb within layouts/application (Duration: 0.8ms | Allocations: 154)
[Webpacker] Everything's up-to-date. Nothing to do
  Rendered layout layouts/application.html.erb (Duration: 17.6ms | Allocations: 3683)
Completed 200 OK in 26ms (Views: 24.1ms | Allocations: 4987)


Started GET "/" for ::1 at 2023-05-03 22:43:51 -0500
Processing by HomeController#Inicio as HTML
  Rendering layout layouts/application.html.erb
  Rendering home/Inicio.html.erb within layouts/application
  Rendered home/Inicio.html.erb within layouts/application (Duration: 0.6ms | Allocations: 153)
[Webpacker] Everything's up-to-date. Nothing to do
  Rendered layout layouts/application.html.erb (Duration: 8.9ms | Allocations: 3682)
Completed 200 OK in 13ms (Views: 11.6ms | Allocations: 4985)


Started GET "/" for ::1 at 2023-05-03 22:43:51 -0500
Processing by HomeController#Inicio as HTML
  Rendering layout layouts/application.html.erb
  Rendering home/Inicio.html.erb within layouts/application
  Rendered home/Inicio.html.erb within layouts/application (Duration: 0.1ms | Allocations: 41)
[Webpacker] Everything's up-to-date. Nothing to do
  Rendered layout layouts/application.html.erb (Duration: 6.6ms | Allocations: 3032)
Completed 200 OK in 9ms (Views: 7.7ms | Allocations: 3461)


Started GET "/" for ::1 at 2023-05-03 22:43:59 -0500
Processing by HomeController#Inicio as HTML
  Rendering layout layouts/application.html.erb
  Rendering home/Inicio.html.erb within layouts/application
  Rendered home/Inicio.html.erb within layouts/application (Duration: 0.9ms | Allocations: 153)
[Webpacker] Everything's up-to-date. Nothing to do
  Rendered layout layouts/application.html.erb (Duration: 17.7ms | Allocations: 3687)
Completed 200 OK in 27ms (Views: 24.4ms | Allocations: 4947)


Started GET "/" for ::1 at 2023-05-03 22:44:26 -0500
Processing by HomeController#Inicio as HTML
  Rendering layout layouts/application.html.erb
  Rendering home/Inicio.html.erb within layouts/application
  Rendered home/Inicio.html.erb within layouts/application (Duration: 0.9ms | Allocations: 153)
[Webpacker] Everything's up-to-date. Nothing to do
  Rendered layout layouts/application.html.erb (Duration: 23.1ms | Allocations: 3683)
Completed 200 OK in 30ms (Views: 28.2ms | Allocations: 4986)


Started GET "/" for ::1 at 2023-05-03 22:45:21 -0500
Processing by HomeController#Inicio as HTML
  Rendering layout layouts/application.html.erb
  Rendering home/Inicio.html.erb within layouts/application
  Rendered home/Inicio.html.erb within layouts/application (Duration: 0.1ms | Allocations: 41)
[Webpacker] Everything's up-to-date. Nothing to do
  Rendered layout layouts/application.html.erb (Duration: 25.6ms | Allocations: 8810)
Completed 200 OK in 27ms (Views: 26.2ms | Allocations: 9238)


Started GET "/" for ::1 at 2023-05-03 22:45:27 -0500
Processing by HomeController#Inicio as HTML
  Rendering layout layouts/application.html.erb
  Rendering home/Inicio.html.erb within layouts/application
  Rendered home/Inicio.html.erb within layouts/application (Duration: 0.2ms | Allocations: 41)
[Webpacker] Everything's up-to-date. Nothing to do
  Rendered layout layouts/application.html.erb (Duration: 152.4ms | Allocations: 8418)
Completed 200 OK in 155ms (Views: 153.6ms | Allocations: 8799)


Started GET "/" for ::1 at 2023-05-03 22:45:29 -0500
Processing by HomeController#Inicio as HTML
  Rendering layout layouts/application.html.erb
  Rendering home/Inicio.html.erb within layouts/application
  Rendered home/Inicio.html.erb within layouts/application (Duration: 0.1ms | Allocations: 41)
[Webpacker] Everything's up-to-date. Nothing to do
  Rendered layout layouts/application.html.erb (Duration: 6.6ms | Allocations: 3041)
Completed 200 OK in 9ms (Views: 7.7ms | Allocations: 3423)


Started GET "/" for ::1 at 2023-05-03 22:45:36 -0500
Processing by HomeController#Inicio as HTML
  Rendering layout layouts/application.html.erb
  Rendering home/Inicio.html.erb within layouts/application
  Rendered home/Inicio.html.erb within layouts/application (Duration: 0.2ms | Allocations: 41)
[Webpacker] Everything's up-to-date. Nothing to do
  Rendered layout layouts/application.html.erb (Duration: 81.1ms | Allocations: 8610)
Completed 200 OK in 86ms (Views: 84.0ms | Allocations: 8991)


Started GET "/" for ::1 at 2023-05-03 22:45:43 -0500
Processing by HomeController#Inicio as HTML
  Rendering layout layouts/application.html.erb
  Rendering home/Inicio.html.erb within layouts/application
  Rendered home/Inicio.html.erb within layouts/application (Duration: 0.2ms | Allocations: 41)
[Webpacker] Everything's up-to-date. Nothing to do
  Rendered layout layouts/application.html.erb (Duration: 35.1ms | Allocations: 8596)
Completed 200 OK in 38ms (Views: 36.4ms | Allocations: 8976)


Started GET "/" for ::1 at 2023-05-03 22:45:53 -0500
Processing by HomeController#Inicio as HTML
  Rendering layout layouts/application.html.erb
  Rendering home/Inicio.html.erb within layouts/application
  Rendered home/Inicio.html.erb within layouts/application (Duration: 0.1ms | Allocations: 41)
[Webpacker] Everything's up-to-date. Nothing to do
  Rendered layout layouts/application.html.erb (Duration: 6.0ms | Allocations: 3077)
Completed 200 OK in 7ms (Views: 6.7ms | Allocations: 3457)


Started GET "/" for ::1 at 2023-05-03 22:46:10 -0500
Processing by HomeController#Inicio as HTML
  Rendering layout layouts/application.html.erb
  Rendering home/Inicio.html.erb within layouts/application
  Rendered home/Inicio.html.erb within layouts/application (Duration: 0.2ms | Allocations: 41)
[Webpacker] Everything's up-to-date. Nothing to do
  Rendered layout layouts/application.html.erb (Duration: 53.5ms | Allocations: 8597)
Completed 200 OK in 56ms (Views: 54.8ms | Allocations: 8977)


Started GET "/" for ::1 at 2023-05-03 22:46:52 -0500
Processing by HomeController#Inicio as HTML
  Rendering layout layouts/application.html.erb
  Rendering home/Inicio.html.erb within layouts/application
  Rendered home/Inicio.html.erb within layouts/application (Duration: 0.4ms | Allocations: 158)
[Webpacker] Everything's up-to-date. Nothing to do
  Rendered layout layouts/application.html.erb (Duration: 38.9ms | Allocations: 9402)
Completed 200 OK in 43ms (Views: 41.6ms | Allocations: 10662)


Started GET "/" for ::1 at 2023-05-03 22:47:02 -0500
Processing by HomeController#Inicio as HTML
  Rendering layout layouts/application.html.erb
  Rendering home/Inicio.html.erb within layouts/application
  Rendered home/Inicio.html.erb within layouts/application (Duration: 0.1ms | Allocations: 41)
[Webpacker] Everything's up-to-date. Nothing to do
  Rendered layout layouts/application.html.erb (Duration: 19.5ms | Allocations: 8597)
Completed 200 OK in 21ms (Views: 20.2ms | Allocations: 9025)


Started GET "/" for ::1 at 2023-05-03 22:47:21 -0500
Processing by HomeController#Inicio as HTML
  Rendering layout layouts/application.html.erb
  Rendering home/Inicio.html.erb within layouts/application
  Rendered home/Inicio.html.erb within layouts/application (Duration: 0.4ms | Allocations: 153)
[Webpacker] Everything's up-to-date. Nothing to do
  Rendered layout layouts/application.html.erb (Duration: 6.1ms | Allocations: 3747)
Completed 200 OK in 9ms (Views: 7.9ms | Allocations: 5007)


Started GET "/" for ::1 at 2023-05-03 22:51:10 -0500
Processing by HomeController#Inicio as HTML
  Rendering layout layouts/application.html.erb
  Rendering home/Inicio.html.erb within layouts/application
  Rendered home/Inicio.html.erb within layouts/application (Duration: 0.8ms | Allocations: 153)
[Webpacker] Everything's up-to-date. Nothing to do
  Rendered layout layouts/application.html.erb (Duration: 29.9ms | Allocations: 3686)
Completed 200 OK in 36ms (Views: 33.6ms | Allocations: 4990)


Started GET "/" for ::1 at 2023-05-03 22:57:16 -0500
Processing by HomeController#Inicio as HTML
  Rendering layout layouts/application.html.erb
  Rendering home/Inicio.html.erb within layouts/application
  Rendered home/Inicio.html.erb within layouts/application (Duration: 0.8ms | Allocations: 156)
[Webpacker] Everything's up-to-date. Nothing to do
  Rendered layout layouts/application.html.erb (Duration: 7.8ms | Allocations: 3652)
Completed 200 OK in 11ms (Views: 9.6ms | Allocations: 4962)


Started GET "/" for ::1 at 2023-05-03 22:57:30 -0500
Processing by HomeController#Inicio as HTML
  Rendering layout layouts/application.html.erb
  Rendering home/Inicio.html.erb within layouts/application
  Rendered home/Inicio.html.erb within layouts/application (Duration: 0.5ms | Allocations: 153)
[Webpacker] Everything's up-to-date. Nothing to do
  Rendered layout layouts/application.html.erb (Duration: 10.0ms | Allocations: 3636)
Completed 200 OK in 14ms (Views: 12.7ms | Allocations: 4939)


Started GET "/" for ::1 at 2023-05-03 22:57:42 -0500
Processing by HomeController#Inicio as HTML
  Rendering layout layouts/application.html.erb
  Rendering home/Inicio.html.erb within layouts/application
  Rendered home/Inicio.html.erb within layouts/application (Duration: 0.8ms | Allocations: 153)
[Webpacker] Everything's up-to-date. Nothing to do
  Rendered layout layouts/application.html.erb (Duration: 9.2ms | Allocations: 3635)
Completed 200 OK in 13ms (Views: 12.0ms | Allocations: 4939)


Started GET "/" for ::1 at 2023-05-03 22:57:50 -0500
Processing by HomeController#Inicio as HTML
  Rendering layout layouts/application.html.erb
  Rendering home/Inicio.html.erb within layouts/application
  Rendered home/Inicio.html.erb within layouts/application (Duration: 0.4ms | Allocations: 153)
[Webpacker] Everything's up-to-date. Nothing to do
  Rendered layout layouts/application.html.erb (Duration: 9.5ms | Allocations: 3637)
Completed 200 OK in 13ms (Views: 12.3ms | Allocations: 4941)


Started GET "/" for ::1 at 2023-05-03 22:59:56 -0500
Processing by HomeController#Inicio as HTML
  Rendering layout layouts/application.html.erb
  Rendering home/Inicio.html.erb within layouts/application
  Rendered home/Inicio.html.erb within layouts/application (Duration: 0.8ms | Allocations: 154)
[Webpacker] Everything's up-to-date. Nothing to do
  Rendered layout layouts/application.html.erb (Duration: 14.2ms | Allocations: 3637)
Completed 200 OK in 21ms (Views: 18.2ms | Allocations: 4945)


Started GET "/" for ::1 at 2023-05-03 23:00:20 -0500
Processing by HomeController#Inicio as HTML
  Rendering layout layouts/application.html.erb
  Rendering home/Inicio.html.erb within layouts/application
  Rendered home/Inicio.html.erb within layouts/application (Duration: 0.8ms | Allocations: 153)
[Webpacker] Everything's up-to-date. Nothing to do
  Rendered layout layouts/application.html.erb (Duration: 10.2ms | Allocations: 3636)
Completed 200 OK in 16ms (Views: 13.4ms | Allocations: 4939)


Started GET "/" for ::1 at 2023-05-03 23:01:06 -0500
Processing by HomeController#Inicio as HTML
  Rendering layout layouts/application.html.erb
  Rendering home/Inicio.html.erb within layouts/application
  Rendered home/Inicio.html.erb within layouts/application (Duration: 0.4ms | Allocations: 153)
[Webpacker] Everything's up-to-date. Nothing to do
  Rendered layout layouts/application.html.erb (Duration: 24.8ms | Allocations: 9374)
Completed 200 OK in 29ms (Views: 27.5ms | Allocations: 10682)


Started GET "/" for ::1 at 2023-05-03 23:10:53 -0500
Processing by HomeController#Inicio as HTML
  Rendering layout layouts/application.html.erb
  Rendering home/Inicio.html.erb within layouts/application
  Rendered home/Inicio.html.erb within layouts/application (Duration: 0.2ms | Allocations: 41)
[Webpacker] Everything's up-to-date. Nothing to do
  Rendered layout layouts/application.html.erb (Duration: 33.0ms | Allocations: 7168)
Completed 200 OK in 36ms (Views: 34.9ms | Allocations: 7597)


Started GET "/" for ::1 at 2023-05-03 23:10:53 -0500
Processing by HomeController#Inicio as HTML
  Rendering layout layouts/application.html.erb
  Rendering home/Inicio.html.erb within layouts/application
  Rendered home/Inicio.html.erb within layouts/application (Duration: 0.2ms | Allocations: 41)
[Webpacker] Everything's up-to-date. Nothing to do
  Rendered layout layouts/application.html.erb (Duration: 8.0ms | Allocations: 3013)
Completed 200 OK in 10ms (Views: 8.9ms | Allocations: 3394)


Started GET "/" for ::1 at 2023-05-03 23:10:54 -0500
Processing by HomeController#Inicio as HTML
  Rendering layout layouts/application.html.erb
  Rendering home/Inicio.html.erb within layouts/application
  Rendered home/Inicio.html.erb within layouts/application (Duration: 0.2ms | Allocations: 41)
[Webpacker] Everything's up-to-date. Nothing to do
  Rendered layout layouts/application.html.erb (Duration: 12.1ms | Allocations: 3012)
Completed 200 OK in 15ms (Views: 13.9ms | Allocations: 3392)


Started GET "/" for ::1 at 2023-05-03 23:10:54 -0500
Processing by HomeController#Inicio as HTML
  Rendering layout layouts/application.html.erb
  Rendering home/Inicio.html.erb within layouts/application
  Rendered home/Inicio.html.erb within layouts/application (Duration: 0.3ms | Allocations: 41)
[Webpacker] Everything's up-to-date. Nothing to do
  Rendered layout layouts/application.html.erb (Duration: 14.9ms | Allocations: 3018)
Completed 200 OK in 18ms (Views: 16.4ms | Allocations: 3400)


Started GET "/" for ::1 at 2023-05-03 23:11:02 -0500
Processing by HomeController#Inicio as HTML
  Rendering layout layouts/application.html.erb
  Rendering home/Inicio.html.erb within layouts/application
  Rendered home/Inicio.html.erb within layouts/application (Duration: 0.1ms | Allocations: 41)
[Webpacker] Everything's up-to-date. Nothing to do
  Rendered layout layouts/application.html.erb (Duration: 10.5ms | Allocations: 3060)
Completed 200 OK in 12ms (Views: 11.6ms | Allocations: 3440)


Started GET "/" for ::1 at 2023-05-03 23:11:08 -0500
Processing by HomeController#Inicio as HTML
  Rendering layout layouts/application.html.erb
  Rendering home/Inicio.html.erb within layouts/application
  Rendered home/Inicio.html.erb within layouts/application (Duration: 0.1ms | Allocations: 41)
[Webpacker] Everything's up-to-date. Nothing to do
  Rendered layout layouts/application.html.erb (Duration: 21.5ms | Allocations: 8586)
Completed 200 OK in 23ms (Views: 22.2ms | Allocations: 8966)


Started GET "/" for ::1 at 2023-05-03 23:11:09 -0500
Processing by HomeController#Inicio as HTML
  Rendering layout layouts/application.html.erb
  Rendering home/Inicio.html.erb within layouts/application
  Rendered home/Inicio.html.erb within layouts/application (Duration: 0.1ms | Allocations: 41)
[Webpacker] Everything's up-to-date. Nothing to do
  Rendered layout layouts/application.html.erb (Duration: 4.6ms | Allocations: 3016)
Completed 200 OK in 11ms (Views: 10.6ms | Allocations: 3397)


Started GET "/" for ::1 at 2023-05-03 23:11:51 -0500
Processing by HomeController#Inicio as HTML
  Rendering layout layouts/application.html.erb
  Rendering home/Inicio.html.erb within layouts/application
  Rendered home/Inicio.html.erb within layouts/application (Duration: 0.1ms | Allocations: 41)
[Webpacker] Everything's up-to-date. Nothing to do
  Rendered layout layouts/application.html.erb (Duration: 20.4ms | Allocations: 8585)
Completed 200 OK in 22ms (Views: 21.0ms | Allocations: 8965)


Started GET "/" for ::1 at 2023-05-03 23:12:16 -0500
Processing by HomeController#Inicio as HTML
  Rendering layout layouts/application.html.erb
  Rendering home/Inicio.html.erb within layouts/application
  Rendered home/Inicio.html.erb within layouts/application (Duration: 0.5ms | Allocations: 158)
[Webpacker] Everything's up-to-date. Nothing to do
  Rendered layout layouts/application.html.erb (Duration: 8.2ms | Allocations: 3660)
Completed 200 OK in 12ms (Views: 10.6ms | Allocations: 4920)


Started GET "/" for ::1 at 2023-05-03 23:12:38 -0500
Processing by HomeController#Inicio as HTML
  Rendering layout layouts/application.html.erb
  Rendering home/Inicio.html.erb within layouts/application
  Rendered home/Inicio.html.erb within layouts/application (Duration: 0.9ms | Allocations: 153)
[Webpacker] Everything's up-to-date. Nothing to do
  Rendered layout layouts/application.html.erb (Duration: 9.4ms | Allocations: 3636)
Completed 200 OK in 12ms (Views: 11.0ms | Allocations: 4944)


Started GET "/" for ::1 at 2023-05-03 23:12:53 -0500
Processing by HomeController#Inicio as HTML
  Rendering layout layouts/application.html.erb
  Rendering home/Inicio.html.erb within layouts/application
  Rendered home/Inicio.html.erb within layouts/application (Duration: 0.9ms | Allocations: 156)
[Webpacker] Everything's up-to-date. Nothing to do
  Rendered layout layouts/application.html.erb (Duration: 16.4ms | Allocations: 3646)
Completed 200 OK in 22ms (Views: 19.9ms | Allocations: 4956)


Started GET "/" for ::1 at 2023-05-03 23:12:58 -0500
Processing by HomeController#Inicio as HTML
  Rendering layout layouts/application.html.erb
  Rendering home/Inicio.html.erb within layouts/application
  Rendered home/Inicio.html.erb within layouts/application (Duration: 0.6ms | Allocations: 153)
[Webpacker] Everything's up-to-date. Nothing to do
  Rendered layout layouts/application.html.erb (Duration: 13.5ms | Allocations: 3635)
Completed 200 OK in 21ms (Views: 18.9ms | Allocations: 4938)


Started GET "/" for ::1 at 2023-05-03 23:14:40 -0500
Processing by HomeController#Inicio as HTML
  Rendering layout layouts/application.html.erb
  Rendering home/Inicio.html.erb within layouts/application
  Rendered home/Inicio.html.erb within layouts/application (Duration: 0.4ms | Allocations: 153)
[Webpacker] Everything's up-to-date. Nothing to do
  Rendered layout layouts/application.html.erb (Duration: 26.9ms | Allocations: 9348)
Completed 200 OK in 30ms (Views: 28.7ms | Allocations: 10652)


Started GET "/" for ::1 at 2023-05-03 23:14:51 -0500
Processing by HomeController#Inicio as HTML
  Rendering layout layouts/application.html.erb
  Rendering home/Inicio.html.erb within layouts/application
  Rendered home/Inicio.html.erb within layouts/application (Duration: 0.6ms | Allocations: 153)
[Webpacker] Everything's up-to-date. Nothing to do
  Rendered layout layouts/application.html.erb (Duration: 6.7ms | Allocations: 3636)
Completed 200 OK in 10ms (Views: 8.7ms | Allocations: 4941)


Started GET "/" for ::1 at 2023-05-03 23:15:01 -0500
Processing by HomeController#Inicio as HTML
  Rendering layout layouts/application.html.erb
  Rendering home/Inicio.html.erb within layouts/application
  Rendered home/Inicio.html.erb within layouts/application (Duration: 0.1ms | Allocations: 41)
[Webpacker] Everything's up-to-date. Nothing to do
  Rendered layout layouts/application.html.erb (Duration: 25.3ms | Allocations: 8726)
Completed 200 OK in 26ms (Views: 25.6ms | Allocations: 9154)


Started GET "/" for ::1 at 2023-05-03 23:16:14 -0500
Processing by HomeController#Inicio as HTML
  Rendering layout layouts/application.html.erb
  Rendering home/Inicio.html.erb within layouts/application
  Rendered home/Inicio.html.erb within layouts/application (Duration: 0.2ms | Allocations: 41)
[Webpacker] Everything's up-to-date. Nothing to do
  Rendered layout layouts/application.html.erb (Duration: 37.5ms | Allocations: 8595)
Completed 200 OK in 39ms (Views: 38.3ms | Allocations: 8976)


Started GET "/" for ::1 at 2023-05-03 23:16:59 -0500
Processing by HomeController#Inicio as HTML
  Rendering layout layouts/application.html.erb
  Rendering home/Inicio.html.erb within layouts/application
  Rendered home/Inicio.html.erb within layouts/application (Duration: 0.2ms | Allocations: 41)
[Webpacker] Everything's up-to-date. Nothing to do
  Rendered layout layouts/application.html.erb (Duration: 18.0ms | Allocations: 8590)
Completed 200 OK in 19ms (Views: 18.7ms | Allocations: 8970)


Started GET "/" for ::1 at 2023-05-03 23:17:05 -0500
Processing by HomeController#Inicio as HTML
  Rendering layout layouts/application.html.erb
  Rendering home/Inicio.html.erb within layouts/application
  Rendered home/Inicio.html.erb within layouts/application (Duration: 0.2ms | Allocations: 41)
[Webpacker] Everything's up-to-date. Nothing to do
  Rendered layout layouts/application.html.erb (Duration: 33.6ms | Allocations: 8590)
Completed 200 OK in 36ms (Views: 34.7ms | Allocations: 8970)


Started GET "/" for ::1 at 2023-05-03 23:17:10 -0500
Processing by HomeController#Inicio as HTML
  Rendering layout layouts/application.html.erb
  Rendering home/Inicio.html.erb within layouts/application
  Rendered home/Inicio.html.erb within layouts/application (Duration: 0.1ms | Allocations: 41)
[Webpacker] Everything's up-to-date. Nothing to do
  Rendered layout layouts/application.html.erb (Duration: 19.2ms | Allocations: 8598)
Completed 200 OK in 21ms (Views: 20.7ms | Allocations: 8979)


Started GET "/" for ::1 at 2023-05-03 23:19:45 -0500
Processing by HomeController#Inicio as HTML
  Rendering layout layouts/application.html.erb
  Rendering home/Inicio.html.erb within layouts/application
  Rendered home/Inicio.html.erb within layouts/application (Duration: 0.2ms | Allocations: 41)
[Webpacker] Everything's up-to-date. Nothing to do
  Rendered layout layouts/application.html.erb (Duration: 43.0ms | Allocations: 8623)
Completed 200 OK in 46ms (Views: 44.6ms | Allocations: 9003)


Started GET "/" for ::1 at 2023-05-03 23:24:01 -0500
Processing by HomeController#Inicio as HTML
  Rendering layout layouts/application.html.erb
  Rendering home/Inicio.html.erb within layouts/application
  Rendered home/Inicio.html.erb within layouts/application (Duration: 0.6ms | Allocations: 158)
[Webpacker] Everything's up-to-date. Nothing to do
  Rendered layout layouts/application.html.erb (Duration: 7.4ms | Allocations: 3658)
Completed 200 OK in 11ms (Views: 9.6ms | Allocations: 4919)


Started GET "/" for ::1 at 2023-05-03 23:24:14 -0500
Processing by HomeController#Inicio as HTML
  Rendering layout layouts/application.html.erb
  Rendering home/Inicio.html.erb within layouts/application
  Rendered home/Inicio.html.erb within layouts/application (Duration: 1.0ms | Allocations: 153)
[Webpacker] Everything's up-to-date. Nothing to do
  Rendered layout layouts/application.html.erb (Duration: 8.4ms | Allocations: 3647)
Completed 200 OK in 13ms (Views: 9.9ms | Allocations: 4952)


Started GET "/" for ::1 at 2023-05-03 23:24:41 -0500
Processing by HomeController#Inicio as HTML
  Rendering layout layouts/application.html.erb
  Rendering home/Inicio.html.erb within layouts/application
  Rendered home/Inicio.html.erb within layouts/application (Duration: 0.9ms | Allocations: 153)
[Webpacker] Everything's up-to-date. Nothing to do
  Rendered layout layouts/application.html.erb (Duration: 21.4ms | Allocations: 3659)
Completed 200 OK in 28ms (Views: 26.0ms | Allocations: 4963)


Started GET "/" for ::1 at 2023-05-03 23:24:54 -0500
Processing by HomeController#Inicio as HTML
  Rendering layout layouts/application.html.erb
  Rendering home/Inicio.html.erb within layouts/application
  Rendered home/Inicio.html.erb within layouts/application (Duration: 0.5ms | Allocations: 153)
[Webpacker] Everything's up-to-date. Nothing to do
  Rendered layout layouts/application.html.erb (Duration: 14.6ms | Allocations: 3655)
Completed 200 OK in 19ms (Views: 17.7ms | Allocations: 4958)


Started GET "/" for ::1 at 2023-05-03 23:25:01 -0500
Processing by HomeController#Inicio as HTML
  Rendering layout layouts/application.html.erb
  Rendering home/Inicio.html.erb within layouts/application
  Rendered home/Inicio.html.erb within layouts/application (Duration: 0.5ms | Allocations: 153)
[Webpacker] Everything's up-to-date. Nothing to do
  Rendered layout layouts/application.html.erb (Duration: 6.6ms | Allocations: 3650)
Completed 200 OK in 10ms (Views: 8.6ms | Allocations: 4953)


Started GET "/" for ::1 at 2023-05-03 23:25:02 -0500
Processing by HomeController#Inicio as HTML
  Rendering layout layouts/application.html.erb
  Rendering home/Inicio.html.erb within layouts/application
  Rendered home/Inicio.html.erb within layouts/application (Duration: 0.2ms | Allocations: 41)
[Webpacker] Everything's up-to-date. Nothing to do
  Rendered layout layouts/application.html.erb (Duration: 7.3ms | Allocations: 3016)
Completed 200 OK in 9ms (Views: 8.4ms | Allocations: 3444)


Started GET "/" for ::1 at 2023-05-03 23:25:03 -0500
Processing by HomeController#Inicio as HTML
  Rendering layout layouts/application.html.erb
  Rendering home/Inicio.html.erb within layouts/application
  Rendered home/Inicio.html.erb within layouts/application (Duration: 0.2ms | Allocations: 41)
[Webpacker] Everything's up-to-date. Nothing to do
  Rendered layout layouts/application.html.erb (Duration: 6.9ms | Allocations: 3016)
Completed 200 OK in 9ms (Views: 7.9ms | Allocations: 3396)


Started GET "/" for ::1 at 2023-05-03 23:25:36 -0500
Processing by HomeController#Inicio as HTML
  Rendering layout layouts/application.html.erb
  Rendering home/Inicio.html.erb within layouts/application
  Rendered home/Inicio.html.erb within layouts/application (Duration: 0.4ms | Allocations: 156)
[Webpacker] Everything's up-to-date. Nothing to do
  Rendered layout layouts/application.html.erb (Duration: 6.7ms | Allocations: 3659)
Completed 200 OK in 10ms (Views: 9.1ms | Allocations: 4921)


Started GET "/" for ::1 at 2023-05-03 23:25:37 -0500
Processing by HomeController#Inicio as HTML
  Rendering layout layouts/application.html.erb
  Rendering home/Inicio.html.erb within layouts/application
  Rendered home/Inicio.html.erb within layouts/application (Duration: 0.1ms | Allocations: 41)
[Webpacker] Everything's up-to-date. Nothing to do
  Rendered layout layouts/application.html.erb (Duration: 5.3ms | Allocations: 3016)
Completed 200 OK in 7ms (Views: 5.9ms | Allocations: 3444)


Started GET "/" for ::1 at 2023-05-03 23:26:22 -0500
Processing by HomeController#Inicio as HTML
  Rendering layout layouts/application.html.erb
  Rendering home/Inicio.html.erb within layouts/application
  Rendered home/Inicio.html.erb within layouts/application (Duration: 0.5ms | Allocations: 153)
[Webpacker] Everything's up-to-date. Nothing to do
  Rendered layout layouts/application.html.erb (Duration: 7.1ms | Allocations: 3651)
Completed 200 OK in 11ms (Views: 9.7ms | Allocations: 4906)


Started GET "/" for ::1 at 2023-05-03 23:26:24 -0500
Processing by HomeController#Inicio as HTML
  Rendering layout layouts/application.html.erb
  Rendering home/Inicio.html.erb within layouts/application
  Rendered home/Inicio.html.erb within layouts/application (Duration: 0.1ms | Allocations: 41)
[Webpacker] Everything's up-to-date. Nothing to do
  Rendered layout layouts/application.html.erb (Duration: 7.2ms | Allocations: 3022)
Completed 200 OK in 9ms (Views: 7.8ms | Allocations: 3451)


Started GET "/" for ::1 at 2023-05-03 23:26:37 -0500
Processing by HomeController#Inicio as HTML
  Rendering layout layouts/application.html.erb
  Rendering home/Inicio.html.erb within layouts/application
  Rendered home/Inicio.html.erb within layouts/application (Duration: 0.8ms | Allocations: 154)
[Webpacker] Everything's up-to-date. Nothing to do
  Rendered layout layouts/application.html.erb (Duration: 13.0ms | Allocations: 3651)
Completed 200 OK in 20ms (Views: 18.0ms | Allocations: 4911)


Started GET "/" for ::1 at 2023-05-03 23:26:57 -0500
Processing by HomeController#Inicio as HTML
  Rendering layout layouts/application.html.erb
  Rendering home/Inicio.html.erb within layouts/application
  Rendered home/Inicio.html.erb within layouts/application (Duration: 0.6ms | Allocations: 153)
[Webpacker] Everything's up-to-date. Nothing to do
  Rendered layout layouts/application.html.erb (Duration: 6.2ms | Allocations: 3651)
Completed 200 OK in 10ms (Views: 8.4ms | Allocations: 4956)


Started GET "/" for ::1 at 2023-05-03 23:27:19 -0500
Processing by HomeController#Inicio as HTML
  Rendering layout layouts/application.html.erb
  Rendering home/Inicio.html.erb within layouts/application
  Rendered home/Inicio.html.erb within layouts/application (Duration: 0.6ms | Allocations: 153)
[Webpacker] Everything's up-to-date. Nothing to do
  Rendered layout layouts/application.html.erb (Duration: 9.8ms | Allocations: 3655)
Completed 200 OK in 14ms (Views: 13.3ms | Allocations: 4958)


Started GET "/" for ::1 at 2023-05-03 23:30:02 -0500
Processing by HomeController#Inicio as HTML
  Rendering layout layouts/application.html.erb
  Rendering home/Inicio.html.erb within layouts/application
  Rendered home/Inicio.html.erb within layouts/application (Duration: 0.9ms | Allocations: 153)
[Webpacker] Everything's up-to-date. Nothing to do
  Rendered layout layouts/application.html.erb (Duration: 21.9ms | Allocations: 3666)
Completed 200 OK in 29ms (Views: 26.4ms | Allocations: 5002)


Started GET "/" for ::1 at 2023-05-03 23:30:12 -0500
Processing by HomeController#Inicio as HTML
  Rendering layout layouts/application.html.erb
  Rendering home/Inicio.html.erb within layouts/application
  Rendered home/Inicio.html.erb within layouts/application (Duration: 0.9ms | Allocations: 153)
[Webpacker] Everything's up-to-date. Nothing to do
  Rendered layout layouts/application.html.erb (Duration: 20.9ms | Allocations: 3666)
Completed 200 OK in 28ms (Views: 25.7ms | Allocations: 4970)


Started GET "/" for ::1 at 2023-05-03 23:30:34 -0500
Processing by HomeController#Inicio as HTML
  Rendering layout layouts/application.html.erb
  Rendering home/Inicio.html.erb within layouts/application
  Rendered home/Inicio.html.erb within layouts/application (Duration: 0.5ms | Allocations: 156)
[Webpacker] Everything's up-to-date. Nothing to do
  Rendered layout layouts/application.html.erb (Duration: 7.5ms | Allocations: 3673)
Completed 200 OK in 12ms (Views: 9.9ms | Allocations: 4981)


Started GET "/" for ::1 at 2023-05-03 23:30:42 -0500
Processing by HomeController#Inicio as HTML
  Rendering layout layouts/application.html.erb
  Rendering home/Inicio.html.erb within layouts/application
  Rendered home/Inicio.html.erb within layouts/application (Duration: 0.4ms | Allocations: 153)
[Webpacker] Everything's up-to-date. Nothing to do
  Rendered layout layouts/application.html.erb (Duration: 10.3ms | Allocations: 3659)
Completed 200 OK in 16ms (Views: 14.0ms | Allocations: 4968)


Started GET "/" for ::1 at 2023-05-03 23:35:38 -0500
Processing by HomeController#Inicio as HTML
  Rendering layout layouts/application.html.erb
  Rendering home/Inicio.html.erb within layouts/application
  Rendered home/Inicio.html.erb within layouts/application (Duration: 1.1ms | Allocations: 154)
[Webpacker] Everything's up-to-date. Nothing to do
  Rendered layout layouts/application.html.erb (Duration: 13.6ms | Allocations: 3676)
Completed 200 OK in 24ms (Views: 22.8ms | Allocations: 4986)


Started GET "/" for ::1 at 2023-05-03 23:36:15 -0500
Processing by HomeController#Inicio as HTML
  Rendering layout layouts/application.html.erb
  Rendering home/Inicio.html.erb within layouts/application
  Rendered home/Inicio.html.erb within layouts/application (Duration: 2.0ms | Allocations: 153)
[Webpacker] Everything's up-to-date. Nothing to do
  Rendered layout layouts/application.html.erb (Duration: 8.4ms | Allocations: 3669)
Completed 200 OK in 13ms (Views: 11.4ms | Allocations: 4972)


Started GET "/" for ::1 at 2023-05-03 23:37:10 -0500
Processing by HomeController#Inicio as HTML
  Rendering layout layouts/application.html.erb
  Rendering home/Inicio.html.erb within layouts/application
  Rendered home/Inicio.html.erb within layouts/application (Duration: 2.1ms | Allocations: 156)
[Webpacker] Everything's up-to-date. Nothing to do
  Rendered layout layouts/application.html.erb (Duration: 24.0ms | Allocations: 3679)
Completed 200 OK in 34ms (Views: 30.7ms | Allocations: 4989)


Started GET "/" for ::1 at 2023-05-03 23:37:23 -0500
Processing by HomeController#Inicio as HTML
  Rendering layout layouts/application.html.erb
  Rendering home/Inicio.html.erb within layouts/application
  Rendered home/Inicio.html.erb within layouts/application (Duration: 0.8ms | Allocations: 154)
[Webpacker] Everything's up-to-date. Nothing to do
  Rendered layout layouts/application.html.erb (Duration: 7.3ms | Allocations: 3676)
Completed 200 OK in 13ms (Views: 10.4ms | Allocations: 4985)


Started GET "/" for ::1 at 2023-05-03 23:37:41 -0500
Processing by HomeController#Inicio as HTML
  Rendering layout layouts/application.html.erb
  Rendering home/Inicio.html.erb within layouts/application
  Rendered home/Inicio.html.erb within layouts/application (Duration: 0.8ms | Allocations: 153)
[Webpacker] Everything's up-to-date. Nothing to do
  Rendered layout layouts/application.html.erb (Duration: 12.9ms | Allocations: 3668)
Completed 200 OK in 19ms (Views: 16.9ms | Allocations: 4973)


Started GET "/" for ::1 at 2023-05-03 23:37:57 -0500
Processing by HomeController#Inicio as HTML
  Rendering layout layouts/application.html.erb
  Rendering home/Inicio.html.erb within layouts/application
  Rendered home/Inicio.html.erb within layouts/application (Duration: 1.1ms | Allocations: 153)
[Webpacker] Everything's up-to-date. Nothing to do
  Rendered layout layouts/application.html.erb (Duration: 17.3ms | Allocations: 3668)
Completed 200 OK in 24ms (Views: 21.7ms | Allocations: 4971)


Started GET "/" for ::1 at 2023-05-03 23:38:04 -0500
Processing by HomeController#Inicio as HTML
  Rendering layout layouts/application.html.erb
  Rendering home/Inicio.html.erb within layouts/application
  Rendered home/Inicio.html.erb within layouts/application (Duration: 0.8ms | Allocations: 153)
[Webpacker] Everything's up-to-date. Nothing to do
  Rendered layout layouts/application.html.erb (Duration: 9.0ms | Allocations: 3668)
Completed 200 OK in 15ms (Views: 13.4ms | Allocations: 4971)


Started GET "/" for ::1 at 2023-05-03 23:38:22 -0500
Processing by HomeController#Inicio as HTML
  Rendering layout layouts/application.html.erb
  Rendering home/Inicio.html.erb within layouts/application
  Rendered home/Inicio.html.erb within layouts/application (Duration: 0.9ms | Allocations: 153)
[Webpacker] Everything's up-to-date. Nothing to do
  Rendered layout layouts/application.html.erb (Duration: 13.8ms | Allocations: 3669)
Completed 200 OK in 27ms (Views: 24.3ms | Allocations: 4973)


Started GET "/" for ::1 at 2023-05-03 23:38:51 -0500
Processing by HomeController#Inicio as HTML
  Rendering layout layouts/application.html.erb
  Rendering home/Inicio.html.erb within layouts/application
  Rendered home/Inicio.html.erb within layouts/application (Duration: 0.9ms | Allocations: 154)
[Webpacker] Everything's up-to-date. Nothing to do
  Rendered layout layouts/application.html.erb (Duration: 21.4ms | Allocations: 3725)
Completed 200 OK in 33ms (Views: 29.9ms | Allocations: 5035)


Started GET "/" for ::1 at 2023-05-03 23:38:59 -0500
Processing by HomeController#Inicio as HTML
  Rendering layout layouts/application.html.erb
  Rendering home/Inicio.html.erb within layouts/application
  Rendered home/Inicio.html.erb within layouts/application (Duration: 0.8ms | Allocations: 153)
[Webpacker] Everything's up-to-date. Nothing to do
  Rendered layout layouts/application.html.erb (Duration: 23.5ms | Allocations: 3717)
Completed 200 OK in 30ms (Views: 27.9ms | Allocations: 5021)


Started GET "/" for ::1 at 2023-05-03 23:39:27 -0500
Processing by HomeController#Inicio as HTML
  Rendering layout layouts/application.html.erb
  Rendering home/Inicio.html.erb within layouts/application
  Rendered home/Inicio.html.erb within layouts/application (Duration: 1.0ms | Allocations: 158)
[Webpacker] Everything's up-to-date. Nothing to do
  Rendered layout layouts/application.html.erb (Duration: 10.9ms | Allocations: 3728)
Completed 200 OK in 17ms (Views: 15.2ms | Allocations: 5038)


Started GET "/" for ::1 at 2023-05-03 23:40:24 -0500
Processing by HomeController#Inicio as HTML
  Rendering layout layouts/application.html.erb
  Rendering home/Inicio.html.erb within layouts/application
  Rendered home/Inicio.html.erb within layouts/application (Duration: 0.4ms | Allocations: 154)
[Webpacker] Everything's up-to-date. Nothing to do
  Rendered layout layouts/application.html.erb (Duration: 7.6ms | Allocations: 3726)
Completed 200 OK in 11ms (Views: 10.4ms | Allocations: 5035)


Started GET "/" for ::1 at 2023-05-03 23:40:26 -0500
Processing by HomeController#Inicio as HTML
  Rendering layout layouts/application.html.erb
  Rendering home/Inicio.html.erb within layouts/application
  Rendered home/Inicio.html.erb within layouts/application (Duration: 0.1ms | Allocations: 41)
[Webpacker] Everything's up-to-date. Nothing to do
  Rendered layout layouts/application.html.erb (Duration: 6.8ms | Allocations: 3016)
Completed 200 OK in 8ms (Views: 7.6ms | Allocations: 3447)


Started GET "/" for ::1 at 2023-05-03 23:40:30 -0500
Processing by HomeController#Inicio as HTML
  Rendering layout layouts/application.html.erb
  Rendering home/Inicio.html.erb within layouts/application
  Rendered home/Inicio.html.erb within layouts/application (Duration: 0.2ms | Allocations: 41)
[Webpacker] Everything's up-to-date. Nothing to do
  Rendered layout layouts/application.html.erb (Duration: 8.7ms | Allocations: 3016)
Completed 200 OK in 10ms (Views: 9.4ms | Allocations: 3396)


Started GET "/" for ::1 at 2023-05-03 23:40:32 -0500
Processing by HomeController#Inicio as HTML
  Rendering layout layouts/application.html.erb
  Rendering home/Inicio.html.erb within layouts/application
  Rendered home/Inicio.html.erb within layouts/application (Duration: 0.1ms | Allocations: 41)
[Webpacker] Everything's up-to-date. Nothing to do
  Rendered layout layouts/application.html.erb (Duration: 5.7ms | Allocations: 3016)
Completed 200 OK in 7ms (Views: 6.4ms | Allocations: 3398)


Started GET "/" for ::1 at 2023-05-03 23:40:36 -0500
Processing by HomeController#Inicio as HTML
  Rendering layout layouts/application.html.erb
  Rendering home/Inicio.html.erb within layouts/application
  Rendered home/Inicio.html.erb within layouts/application (Duration: 0.2ms | Allocations: 41)
[Webpacker] Everything's up-to-date. Nothing to do
  Rendered layout layouts/application.html.erb (Duration: 11.5ms | Allocations: 3016)
Completed 200 OK in 19ms (Views: 15.1ms | Allocations: 3398)


Started GET "/" for ::1 at 2023-05-03 23:41:12 -0500
Processing by HomeController#Inicio as HTML
  Rendering layout layouts/application.html.erb
  Rendering home/Inicio.html.erb within layouts/application
  Rendered home/Inicio.html.erb within layouts/application (Duration: 1.6ms | Allocations: 153)
[Webpacker] Everything's up-to-date. Nothing to do
  Rendered layout layouts/application.html.erb (Duration: 18.9ms | Allocations: 3729)
Completed 200 OK in 29ms (Views: 23.1ms | Allocations: 4985)


Started GET "/" for ::1 at 2023-05-03 23:41:22 -0500
Processing by HomeController#Inicio as HTML
  Rendering layout layouts/application.html.erb
  Rendering home/Inicio.html.erb within layouts/application
  Rendered home/Inicio.html.erb within layouts/application (Duration: 1.5ms | Allocations: 154)
[Webpacker] Everything's up-to-date. Nothing to do
  Rendered layout layouts/application.html.erb (Duration: 27.5ms | Allocations: 3734)
Completed 200 OK in 38ms (Views: 35.3ms | Allocations: 5043)


Started GET "/" for ::1 at 2023-05-03 23:41:48 -0500
Processing by HomeController#Inicio as HTML
  Rendering layout layouts/application.html.erb
  Rendering home/Inicio.html.erb within layouts/application
  Rendered home/Inicio.html.erb within layouts/application (Duration: 1.2ms | Allocations: 156)
[Webpacker] Everything's up-to-date. Nothing to do
  Rendered layout layouts/application.html.erb (Duration: 16.3ms | Allocations: 3774)
Completed 200 OK in 23ms (Views: 20.7ms | Allocations: 5084)


Started GET "/" for ::1 at 2023-05-03 23:42:18 -0500
Processing by HomeController#Inicio as HTML
  Rendering layout layouts/application.html.erb
  Rendering home/Inicio.html.erb within layouts/application
  Rendered home/Inicio.html.erb within layouts/application (Duration: 0.7ms | Allocations: 154)
[Webpacker] Everything's up-to-date. Nothing to do
  Rendered layout layouts/application.html.erb (Duration: 11.8ms | Allocations: 3742)
Completed 200 OK in 17ms (Views: 15.6ms | Allocations: 5052)


Started GET "/" for ::1 at 2023-05-03 23:42:36 -0500
Processing by HomeController#Inicio as HTML
  Rendering layout layouts/application.html.erb
  Rendering home/Inicio.html.erb within layouts/application
  Rendered home/Inicio.html.erb within layouts/application (Duration: 1.0ms | Allocations: 154)
[Webpacker] Everything's up-to-date. Nothing to do
  Rendered layout layouts/application.html.erb (Duration: 18.0ms | Allocations: 3734)
Completed 200 OK in 28ms (Views: 23.6ms | Allocations: 5043)


Started GET "/" for ::1 at 2023-05-03 23:43:49 -0500
Processing by HomeController#Inicio as HTML
  Rendering layout layouts/application.html.erb
  Rendering home/Inicio.html.erb within layouts/application
  Rendered home/Inicio.html.erb within layouts/application (Duration: 0.5ms | Allocations: 153)
[Webpacker] Everything's up-to-date. Nothing to do
  Rendered layout layouts/application.html.erb (Duration: 9.8ms | Allocations: 3728)
Completed 200 OK in 15ms (Views: 13.8ms | Allocations: 5034)


Started GET "/" for ::1 at 2023-05-03 23:43:51 -0500
Processing by HomeController#Inicio as HTML
  Rendering layout layouts/application.html.erb
  Rendering home/Inicio.html.erb within layouts/application
  Rendered home/Inicio.html.erb within layouts/application (Duration: 0.2ms | Allocations: 41)
[Webpacker] Everything's up-to-date. Nothing to do
  Rendered layout layouts/application.html.erb (Duration: 16.3ms | Allocations: 3013)
Completed 200 OK in 19ms (Views: 18.0ms | Allocations: 3443)


Started GET "/" for ::1 at 2023-05-03 23:50:49 -0500
Processing by HomeController#Inicio as HTML
  Rendering layout layouts/application.html.erb
  Rendering home/Inicio.html.erb within layouts/application
  Rendered home/Inicio.html.erb within layouts/application (Duration: 1.0ms | Allocations: 153)
[Webpacker] Everything's up-to-date. Nothing to do
  Rendered layout layouts/application.html.erb (Duration: 22.4ms | Allocations: 3743)
Completed 200 OK in 30ms (Views: 27.9ms | Allocations: 4998)


Started GET "/" for ::1 at 2023-05-03 23:51:43 -0500
Processing by HomeController#Inicio as HTML
  Rendering layout layouts/application.html.erb
  Rendering home/Inicio.html.erb within layouts/application
  Rendered home/Inicio.html.erb within layouts/application (Duration: 0.5ms | Allocations: 153)
[Webpacker] Everything's up-to-date. Nothing to do
  Rendered layout layouts/application.html.erb (Duration: 8.4ms | Allocations: 3751)
Completed 200 OK in 12ms (Views: 10.7ms | Allocations: 5057)


Started GET "/" for ::1 at 2023-05-03 23:51:55 -0500
Processing by HomeController#Inicio as HTML
  Rendering layout layouts/application.html.erb
  Rendering home/Inicio.html.erb within layouts/application
  Rendered home/Inicio.html.erb within layouts/application (Duration: 1.1ms | Allocations: 156)
[Webpacker] Everything's up-to-date. Nothing to do
  Rendered layout layouts/application.html.erb (Duration: 16.2ms | Allocations: 3760)
Completed 200 OK in 24ms (Views: 21.6ms | Allocations: 5070)


Started GET "/" for ::1 at 2023-05-03 23:52:53 -0500
Processing by HomeController#Inicio as HTML
  Rendering layout layouts/application.html.erb
  Rendering home/Inicio.html.erb within layouts/application
  Rendered home/Inicio.html.erb within layouts/application (Duration: 1.1ms | Allocations: 153)
[Webpacker] Everything's up-to-date. Nothing to do
  Rendered layout layouts/application.html.erb (Duration: 19.6ms | Allocations: 3745)
Completed 200 OK in 32ms (Views: 29.5ms | Allocations: 5049)


Started GET "/" for ::1 at 2023-05-03 23:53:02 -0500
Processing by HomeController#Inicio as HTML
  Rendering layout layouts/application.html.erb
  Rendering home/Inicio.html.erb within layouts/application
  Rendered home/Inicio.html.erb within layouts/application (Duration: 1.0ms | Allocations: 154)
[Webpacker] Everything's up-to-date. Nothing to do
  Rendered layout layouts/application.html.erb (Duration: 23.2ms | Allocations: 3751)
Completed 200 OK in 34ms (Views: 30.8ms | Allocations: 5061)


Started GET "/" for ::1 at 2023-05-03 23:53:08 -0500
Processing by HomeController#Inicio as HTML
  Rendering layout layouts/application.html.erb
  Rendering home/Inicio.html.erb within layouts/application
  Rendered home/Inicio.html.erb within layouts/application (Duration: 0.7ms | Allocations: 154)
[Webpacker] Everything's up-to-date. Nothing to do
  Rendered layout layouts/application.html.erb (Duration: 12.9ms | Allocations: 3752)
Completed 200 OK in 20ms (Views: 17.6ms | Allocations: 5061)


Started GET "/" for ::1 at 2023-05-03 23:53:28 -0500
Processing by HomeController#Inicio as HTML
  Rendering layout layouts/application.html.erb
  Rendering home/Inicio.html.erb within layouts/application
  Rendered home/Inicio.html.erb within layouts/application (Duration: 0.5ms | Allocations: 153)
[Webpacker] Everything's up-to-date. Nothing to do
  Rendered layout layouts/application.html.erb (Duration: 8.3ms | Allocations: 3745)
Completed 200 OK in 12ms (Views: 10.7ms | Allocations: 5049)


Started GET "/" for ::1 at 2023-05-03 23:53:41 -0500
Processing by HomeController#Inicio as HTML
  Rendering layout layouts/application.html.erb
  Rendering home/Inicio.html.erb within layouts/application
  Rendered home/Inicio.html.erb within layouts/application (Duration: 0.8ms | Allocations: 153)
[Webpacker] Everything's up-to-date. Nothing to do
  Rendered layout layouts/application.html.erb (Duration: 16.4ms | Allocations: 3745)
Completed 200 OK in 24ms (Views: 21.0ms | Allocations: 5048)


Started GET "/" for ::1 at 2023-05-03 23:54:24 -0500
Processing by HomeController#Inicio as HTML
  Rendering layout layouts/application.html.erb
  Rendering home/Inicio.html.erb within layouts/application
  Rendered home/Inicio.html.erb within layouts/application (Duration: 0.2ms | Allocations: 41)
[Webpacker] Everything's up-to-date. Nothing to do
  Rendered layout layouts/application.html.erb (Duration: 56.3ms | Allocations: 8791)
Completed 200 OK in 59ms (Views: 57.7ms | Allocations: 9219)


Started GET "/" for ::1 at 2023-05-03 23:54:53 -0500
Processing by HomeController#Inicio as HTML
  Rendering layout layouts/application.html.erb
  Rendering home/Inicio.html.erb within layouts/application
  Rendered home/Inicio.html.erb within layouts/application (Duration: 1.0ms | Allocations: 153)
[Webpacker] Everything's up-to-date. Nothing to do
  Rendered layout layouts/application.html.erb (Duration: 64.7ms | Allocations: 9527)
Completed 200 OK in 72ms (Views: 69.7ms | Allocations: 10785)


Started GET "/" for ::1 at 2023-05-03 23:55:15 -0500
Processing by HomeController#Inicio as HTML
  Rendering layout layouts/application.html.erb
  Rendering home/Inicio.html.erb within layouts/application
  Rendered home/Inicio.html.erb within layouts/application (Duration: 0.2ms | Allocations: 41)
[Webpacker] Everything's up-to-date. Nothing to do
  Rendered layout layouts/application.html.erb (Duration: 49.2ms | Allocations: 8648)
Completed 200 OK in 51ms (Views: 50.3ms | Allocations: 9077)


Started GET "/" for ::1 at 2023-05-04 19:59:23 -0500
  [1m[35m (1.2ms)[0m  [1m[34mSELECT sqlite_version(*)[0m
Processing by HomeController#Inicio as HTML
  Rendering layout layouts/application.html.erb
  Rendering home/Inicio.html.erb within layouts/application
  Rendered home/Inicio.html.erb within layouts/application (Duration: 2.1ms | Allocations: 346)
[Webpacker] Everything's up-to-date. Nothing to do
  Rendered layout layouts/application.html.erb (Duration: 783.9ms | Allocations: 10829)
Completed 200 OK in 824ms (Views: 809.6ms | ActiveRecord: 0.0ms | Allocations: 14121)


Started GET "/" for ::1 at 2023-05-04 20:15:20 -0500
Processing by HomeController#Inicio as HTML
  Rendering layout layouts/application.html.erb
  Rendering home/Inicio.html.erb within layouts/application
  Rendered home/Inicio.html.erb within layouts/application (Duration: 1.5ms | Allocations: 153)
[Webpacker] Everything's up-to-date. Nothing to do
  Rendered layout layouts/application.html.erb (Duration: 10.4ms | Allocations: 3745)
Completed 200 OK in 15ms (Views: 13.5ms | Allocations: 5113)


Started GET "/" for ::1 at 2023-05-04 20:16:27 -0500
Processing by HomeController#Inicio as HTML
  Rendering layout layouts/application.html.erb
  Rendering home/Inicio.html.erb within layouts/application
  Rendered home/Inicio.html.erb within layouts/application (Duration: 0.4ms | Allocations: 156)
[Webpacker] Everything's up-to-date. Nothing to do
  Rendered layout layouts/application.html.erb (Duration: 8.3ms | Allocations: 3769)
Completed 200 OK in 11ms (Views: 10.0ms | Allocations: 5079)


Started GET "/" for ::1 at 2023-05-04 20:17:13 -0500
Processing by HomeController#Inicio as HTML
  Rendering layout layouts/application.html.erb
  Rendering home/Inicio.html.erb within layouts/application
  Rendered home/Inicio.html.erb within layouts/application (Duration: 0.2ms | Allocations: 41)
[Webpacker] Everything's up-to-date. Nothing to do
  Rendered layout layouts/application.html.erb (Duration: 175.3ms | Allocations: 8909)
Completed 200 OK in 178ms (Views: 176.5ms | Allocations: 9345)


Started GET "/" for ::1 at 2023-05-04 20:35:43 -0500
Processing by HomeController#Inicio as HTML
  Rendering layout layouts/application.html.erb
  Rendering home/Inicio.html.erb within layouts/application
  Rendered home/Inicio.html.erb within layouts/application (Duration: 0.9ms | Allocations: 154)
[Webpacker] Everything's up-to-date. Nothing to do
  Rendered layout layouts/application.html.erb (Duration: 44.2ms | Allocations: 9532)
Completed 200 OK in 50ms (Views: 48.2ms | Allocations: 10793)


Started GET "/" for ::1 at 2023-05-04 20:36:27 -0500
Processing by HomeController#Inicio as HTML
  Rendering layout layouts/application.html.erb
  Rendering home/Inicio.html.erb within layouts/application
  Rendered home/Inicio.html.erb within layouts/application (Duration: 0.1ms | Allocations: 41)
[Webpacker] Everything's up-to-date. Nothing to do
  Rendered layout layouts/application.html.erb (Duration: 5.4ms | Allocations: 3058)
Completed 200 OK in 7ms (Views: 6.0ms | Allocations: 3486)


Started GET "/" for ::1 at 2023-05-04 20:37:00 -0500
Processing by HomeController#Inicio as HTML
  Rendering layout layouts/application.html.erb
  Rendering home/Inicio.html.erb within layouts/application
  Rendered home/Inicio.html.erb within layouts/application (Duration: 0.2ms | Allocations: 41)
[Webpacker] Everything's up-to-date. Nothing to do
  Rendered layout layouts/application.html.erb (Duration: 48.2ms | Allocations: 8643)
Completed 200 OK in 50ms (Views: 49.0ms | Allocations: 9023)


Started GET "/" for ::1 at 2023-05-04 20:49:13 -0500
Processing by HomeController#Inicio as HTML
  Rendering layout layouts/application.html.erb
  Rendering home/Inicio.html.erb within layouts/application
  Rendered home/Inicio.html.erb within layouts/application (Duration: 0.2ms | Allocations: 41)
[Webpacker] Everything's up-to-date. Nothing to do
  Rendered layout layouts/application.html.erb (Duration: 28.9ms | Allocations: 8639)
Completed 200 OK in 31ms (Views: 29.8ms | Allocations: 9019)


Started GET "/" for ::1 at 2023-05-04 20:50:28 -0500
Processing by HomeController#Inicio as HTML
  Rendering layout layouts/application.html.erb
  Rendering home/Inicio.html.erb within layouts/application
  Rendered home/Inicio.html.erb within layouts/application (Duration: 0.2ms | Allocations: 41)
  Rendered layout layouts/application.html.erb (Duration: 708.0ms | Allocations: 7576)
Completed 500 Internal Server Error in 710ms (Allocations: 7987)


  
ActionView::Template::Error (Error: Invalid CSS after "    margin:": expected expression (e.g. 1px, bold), was "}"
        on line 78:12 of app/assets/stylesheets/home.scss
>>     margin: 

   -----------^
):
     6:     <link rel="stylesheet" href="https://cdn.jsdelivr.net/npm/bootstrap@4.1.3/dist/css/bootstrap.min.css" integrity="sha384-MCw98/SFnGE8fJT3GXwEOngsV7Zt27NXFoaoApmYm81iuXoPkFOJwJ8ERdknLPMO" crossorigin="anonymous">
     7:     <%= csrf_meta_tags %>
     8:     <%= csp_meta_tag %>
     9:     <%= stylesheet_link_tag 'application', media: 'all', 'data-turbolinks-track': 'reload' %>
    10:     <%= javascript_pack_tag 'application', 'data-turbolinks-track': 'reload' %>
    11:   </head>
    12: 
  
app/assets/stylesheets/home.scss:78
app/views/layouts/application.html.erb:9
Started GET "/" for ::1 at 2023-05-04 20:50:53 -0500
Processing by HomeController#Inicio as HTML
  Rendering layout layouts/application.html.erb
  Rendering home/Inicio.html.erb within layouts/application
  Rendered home/Inicio.html.erb within layouts/application (Duration: 0.1ms | Allocations: 41)
[Webpacker] Everything's up-to-date. Nothing to do
  Rendered layout layouts/application.html.erb (Duration: 22.9ms | Allocations: 8949)
Completed 200 OK in 24ms (Views: 23.5ms | Allocations: 9412)


Started GET "/" for ::1 at 2023-05-04 20:51:02 -0500
Processing by HomeController#Inicio as HTML
  Rendering layout layouts/application.html.erb
  Rendering home/Inicio.html.erb within layouts/application
  Rendered home/Inicio.html.erb within layouts/application (Duration: 0.2ms | Allocations: 41)
[Webpacker] Everything's up-to-date. Nothing to do
  Rendered layout layouts/application.html.erb (Duration: 28.8ms | Allocations: 8647)
Completed 200 OK in 30ms (Views: 29.5ms | Allocations: 9034)


Started GET "/" for ::1 at 2023-05-04 21:01:15 -0500
Processing by HomeController#Inicio as HTML
  Rendering layout layouts/application.html.erb
  Rendering home/Inicio.html.erb within layouts/application
  Rendered home/Inicio.html.erb within layouts/application (Duration: 0.5ms | Allocations: 153)
[Webpacker] Everything's up-to-date. Nothing to do
  Rendered layout layouts/application.html.erb (Duration: 88.1ms | Allocations: 10908)
Completed 200 OK in 92ms (Views: 90.5ms | Allocations: 12163)


Started GET "/" for ::1 at 2023-05-04 21:01:38 -0500
Processing by HomeController#Inicio as HTML
  Rendering layout layouts/application.html.erb
  Rendering home/Inicio.html.erb within layouts/application
  Rendered home/Inicio.html.erb within layouts/application (Duration: 0.1ms | Allocations: 41)
[Webpacker] Everything's up-to-date. Nothing to do
  Rendered layout layouts/application.html.erb (Duration: 5.4ms | Allocations: 3013)
Completed 200 OK in 7ms (Views: 6.2ms | Allocations: 3441)


Started GET "/" for ::1 at 2023-05-07 13:59:39 -0500
  [1m[35m (24.0ms)[0m  [1m[34mSELECT sqlite_version(*)[0m
Processing by HomeController#Inicio as HTML
  Rendering layout layouts/application.html.erb
  Rendering home/Inicio.html.erb within layouts/application
  Rendered home/Inicio.html.erb within layouts/application (Duration: 0.7ms | Allocations: 346)
[Webpacker] Everything's up-to-date. Nothing to do
  Rendered layout layouts/application.html.erb (Duration: 872.1ms | Allocations: 16933)
Completed 200 OK in 880ms (Views: 874.6ms | ActiveRecord: 0.0ms | Allocations: 20114)


