Started GET "/" for 127.0.0.1 at 2023-06-14 15:19:11 -0500
  [1m[35m (3.8ms)[0m  [1m[34mSELECT sqlite_version(*)[0m
  
ActiveRecord::PendingMigrationError (

Migrations are pending. To resolve this issue, run:

        rails db:migrate RAILS_ENV=development

):
  
activerecord (6.0.1) lib/active_record/migration.rb:587:in `check_pending!'
activerecord (6.0.1) lib/active_record/migration.rb:564:in `call'
actionpack (6.0.1) lib/action_dispatch/middleware/callbacks.rb:27:in `block in call'
activesupport (6.0.1) lib/active_support/callbacks.rb:101:in `run_callbacks'
actionpack (6.0.1) lib/action_dispatch/middleware/callbacks.rb:26:in `call'
actionpack (6.0.1) lib/action_dispatch/middleware/executor.rb:14:in `call'
actionpack (6.0.1) lib/action_dispatch/middleware/actionable_exceptions.rb:17:in `call'
actionpack (6.0.1) lib/action_dispatch/middleware/debug_exceptions.rb:32:in `call'
web-console (4.0.1) lib/web_console/middleware.rb:132:in `call_app'
web-console (4.0.1) lib/web_console/middleware.rb:28:in `block in call'
web-console (4.0.1) lib/web_console/middleware.rb:17:in `catch'
web-console (4.0.1) lib/web_console/middleware.rb:17:in `call'
actionpack (6.0.1) lib/action_dispatch/middleware/show_exceptions.rb:33:in `call'
railties (6.0.1) lib/rails/rack/logger.rb:38:in `call_app'
railties (6.0.1) lib/rails/rack/logger.rb:26:in `block in call'
activesupport (6.0.1) lib/active_support/tagged_logging.rb:80:in `block in tagged'
activesupport (6.0.1) lib/active_support/tagged_logging.rb:28:in `tagged'
activesupport (6.0.1) lib/active_support/tagged_logging.rb:80:in `tagged'
railties (6.0.1) lib/rails/rack/logger.rb:26:in `call'
sprockets-rails (3.2.1) lib/sprockets/rails/quiet_assets.rb:13:in `call'
actionpack (6.0.1) lib/action_dispatch/middleware/remote_ip.rb:81:in `call'
actionpack (6.0.1) lib/action_dispatch/middleware/request_id.rb:27:in `call'
rack (2.0.7) lib/rack/method_override.rb:22:in `call'
rack (2.0.7) lib/rack/runtime.rb:22:in `call'
activesupport (6.0.1) lib/active_support/cache/strategy/local_cache_middleware.rb:29:in `call'
actionpack (6.0.1) lib/action_dispatch/middleware/executor.rb:14:in `call'
actionpack (6.0.1) lib/action_dispatch/middleware/static.rb:126:in `call'
rack (2.0.7) lib/rack/sendfile.rb:111:in `call'
actionpack (6.0.1) lib/action_dispatch/middleware/host_authorization.rb:83:in `call'
railties (6.0.1) lib/rails/engine.rb:526:in `call'
puma (4.2.1) lib/puma/configuration.rb:228:in `call'
puma (4.2.1) lib/puma/server.rb:667:in `handle_request'
puma (4.2.1) lib/puma/server.rb:470:in `process_client'
puma (4.2.1) lib/puma/server.rb:328:in `block in run'
puma (4.2.1) lib/puma/thread_pool.rb:134:in `block in spawn_thread'
  [1m[35m (0.9ms)[0m  [1m[34mSELECT sqlite_version(*)[0m
  [1m[35m (13.3ms)[0m  [1m[35mCREATE TABLE "schema_migrations" ("version" varchar NOT NULL PRIMARY KEY)[0m
  [1m[35m (4.0ms)[0m  [1m[35mCREATE TABLE "ar_internal_metadata" ("key" varchar NOT NULL PRIMARY KEY, "value" varchar, "created_at" datetime(6) NOT NULL, "updated_at" datetime(6) NOT NULL)[0m
  [1m[35m (0.3ms)[0m  [1m[34mSELECT "schema_migrations"."version" FROM "schema_migrations" ORDER BY "schema_migrations"."version" ASC[0m
Migrating to DeviseCreateUsers (20230610060351)
  [1m[35m (0.1ms)[0m  [1m[36mbegin transaction[0m
  [1m[35m (0.7ms)[0m  [1m[35mCREATE TABLE "users" ("id" integer PRIMARY KEY AUTOINCREMENT NOT NULL, "email" varchar DEFAULT '' NOT NULL, "encrypted_password" varchar DEFAULT '' NOT NULL, "reset_password_token" varchar, "reset_password_sent_at" datetime, "remember_created_at" datetime, "created_at" datetime(6) NOT NULL, "updated_at" datetime(6) NOT NULL)[0m
  [1m[35m (0.2ms)[0m  [1m[35mCREATE UNIQUE INDEX "index_users_on_email" ON "users" ("email")[0m
  [1m[35m (0.2ms)[0m  [1m[35mCREATE UNIQUE INDEX "index_users_on_reset_password_token" ON "users" ("reset_password_token")[0m
  [1m[36mprimary::SchemaMigration Create (0.3ms)[0m  [1m[32mINSERT INTO "schema_migrations" ("version") VALUES (?)[0m  [["version", "20230610060351"]]
  [1m[35m (3.8ms)[0m  [1m[36mcommit transaction[0m
  [1m[36mActiveRecord::InternalMetadata Load (0.4ms)[0m  [1m[34mSELECT "ar_internal_metadata".* FROM "ar_internal_metadata" WHERE "ar_internal_metadata"."key" = ? LIMIT ?[0m  [["key", "environment"], ["LIMIT", 1]]
  [1m[35m (0.1ms)[0m  [1m[36mbegin transaction[0m
  [1m[36mActiveRecord::InternalMetadata Create (0.5ms)[0m  [1m[32mINSERT INTO "ar_internal_metadata" ("key", "value", "created_at", "updated_at") VALUES (?, ?, ?, ?)[0m  [["key", "environment"], ["value", "development"], ["created_at", "2023-06-14 20:19:32.404862"], ["updated_at", "2023-06-14 20:19:32.404862"]]
  [1m[35m (2.7ms)[0m  [1m[36mcommit transaction[0m
  [1m[35m (0.1ms)[0m  [1m[34mSELECT sqlite_version(*)[0m
  [1m[35m (0.2ms)[0m  [1m[34mSELECT "schema_migrations"."version" FROM "schema_migrations" ORDER BY "schema_migrations"."version" ASC[0m
  [1m[35m (0.6ms)[0m  [1m[34mSELECT sqlite_version(*)[0m
  [1m[35m (0.3ms)[0m  [1m[34mSELECT "schema_migrations"."version" FROM "schema_migrations" ORDER BY "schema_migrations"."version" ASC[0m
  [1m[36mActiveRecord::InternalMetadata Load (0.3ms)[0m  [1m[34mSELECT "ar_internal_metadata".* FROM "ar_internal_metadata" WHERE "ar_internal_metadata"."key" = ? LIMIT ?[0m  [["key", "environment"], ["LIMIT", 1]]
  [1m[35m (0.1ms)[0m  [1m[34mSELECT sqlite_version(*)[0m
  [1m[35m (0.1ms)[0m  [1m[34mSELECT "schema_migrations"."version" FROM "schema_migrations" ORDER BY "schema_migrations"."version" ASC[0m
Started GET "/" for 127.0.0.1 at 2023-06-14 15:19:42 -0500
  [1m[35m (0.1ms)[0m  [1m[34mSELECT sqlite_version(*)[0m
  [1m[35m (0.2ms)[0m  [1m[34mSELECT "schema_migrations"."version" FROM "schema_migrations" ORDER BY "schema_migrations"."version" ASC[0m
Processing by HomeController#index as HTML
Completed 401 Unauthorized in 7ms (ActiveRecord: 0.0ms | Allocations: 364)


Started GET "/users/sign_in" for 127.0.0.1 at 2023-06-14 15:19:42 -0500
Processing by Devise::SessionsController#new as HTML
  Rendering devise/sessions/new.html.erb within layouts/empty
  Rendered devise/shared/_links.html.erb (Duration: 3.0ms | Allocations: 645)
  Rendered devise/sessions/new.html.erb within layouts/empty (Duration: 11.4ms | Allocations: 2159)
Completed 200 OK in 5094ms (Views: 5065.3ms | ActiveRecord: 0.9ms | Allocations: 300494)


Started POST "/users/sign_in" for 127.0.0.1 at 2023-06-14 15:19:58 -0500
Processing by Devise::SessionsController#create as HTML
  Parameters: {"authenticity_token"=>"vvmRntOUGd+jliGhGM2LjTihzEGYdzN2BOSWIUUCGN2PTtFapgiazPYAPn/0D7NsM73Yt62EJqHAR0Oerdss7Q==", "user"=>{"email"=>"luislemus0109@gmail.com", "password"=>"[FILTERED]"}, "commit"=>"Log in"}
  [1m[36mUser Load (0.5ms)[0m  [1m[34mSELECT "users".* FROM "users" WHERE "users"."email" = ? ORDER BY "users"."id" ASC LIMIT ?[0m  [["email", "luislemus0109@gmail.com"], ["LIMIT", 1]]
Completed 401 Unauthorized in 10ms (ActiveRecord: 0.5ms | Allocations: 2548)


Processing by Devise::SessionsController#new as HTML
  Parameters: {"authenticity_token"=>"vvmRntOUGd+jliGhGM2LjTihzEGYdzN2BOSWIUUCGN2PTtFapgiazPYAPn/0D7NsM73Yt62EJqHAR0Oerdss7Q==", "user"=>{"email"=>"luislemus0109@gmail.com", "password"=>"[FILTERED]"}, "commit"=>"Log in"}
  Rendering devise/sessions/new.html.erb within layouts/empty
  Rendered devise/shared/_links.html.erb (Duration: 0.3ms | Allocations: 135)
  Rendered devise/sessions/new.html.erb within layouts/empty (Duration: 1.8ms | Allocations: 588)
Completed 200 OK in 358ms (Views: 23.5ms | ActiveRecord: 0.0ms | Allocations: 14627)


Started POST "/users/sign_in" for 127.0.0.1 at 2023-06-14 15:20:00 -0500
Processing by Devise::SessionsController#create as HTML
  Parameters: {"authenticity_token"=>"yryXmdV35bXCcF8NPU8RJqj4uudfI5GKJYORzI74t8X7C9ddoOtmppfmQNPRjSnHo+SuEWrQhF3hIERzZiGD9Q==", "user"=>{"email"=>"luislemus0109@gmail.com", "password"=>"[FILTERED]"}, "commit"=>"Log in"}
  [1m[36mUser Load (0.4ms)[0m  [1m[34mSELECT "users".* FROM "users" WHERE "users"."email" = ? ORDER BY "users"."id" ASC LIMIT ?[0m  [["email", "luislemus0109@gmail.com"], ["LIMIT", 1]]
Completed 401 Unauthorized in 9ms (ActiveRecord: 0.4ms | Allocations: 1815)


Processing by Devise::SessionsController#new as HTML
  Parameters: {"authenticity_token"=>"yryXmdV35bXCcF8NPU8RJqj4uudfI5GKJYORzI74t8X7C9ddoOtmppfmQNPRjSnHo+SuEWrQhF3hIERzZiGD9Q==", "user"=>{"email"=>"luislemus0109@gmail.com", "password"=>"[FILTERED]"}, "commit"=>"Log in"}
  Rendering devise/sessions/new.html.erb within layouts/empty
  Rendered devise/shared/_links.html.erb (Duration: 0.3ms | Allocations: 134)
  Rendered devise/sessions/new.html.erb within layouts/empty (Duration: 1.7ms | Allocations: 578)
Completed 200 OK in 364ms (Views: 23.9ms | ActiveRecord: 0.0ms | Allocations: 13309)


Started POST "/users/sign_in" for 127.0.0.1 at 2023-06-14 15:20:17 -0500
Processing by Devise::SessionsController#create as HTML
  Parameters: {"authenticity_token"=>"By0IsOyI9FN4wLGQNWlOc7EadC+UohMHhl7OKPCAAqk2mkh0mRR3QC1Wrk7Zq3aSugZg2aFRBtBC/RuXGFk2mQ==", "user"=>{"email"=>"luislemus0109@gmail.com", "password"=>"[FILTERED]"}, "commit"=>"Log in"}
  [1m[36mUser Load (0.3ms)[0m  [1m[34mSELECT "users".* FROM "users" WHERE "users"."email" = ? ORDER BY "users"."id" ASC LIMIT ?[0m  [["email", "luislemus0109@gmail.com"], ["LIMIT", 1]]
Completed 401 Unauthorized in 7ms (ActiveRecord: 0.3ms | Allocations: 1809)


Processing by Devise::SessionsController#new as HTML
  Parameters: {"authenticity_token"=>"By0IsOyI9FN4wLGQNWlOc7EadC+UohMHhl7OKPCAAqk2mkh0mRR3QC1Wrk7Zq3aSugZg2aFRBtBC/RuXGFk2mQ==", "user"=>{"email"=>"luislemus0109@gmail.com", "password"=>"[FILTERED]"}, "commit"=>"Log in"}
  Rendering devise/sessions/new.html.erb within layouts/empty
  Rendered devise/shared/_links.html.erb (Duration: 0.3ms | Allocations: 134)
  Rendered devise/sessions/new.html.erb within layouts/empty (Duration: 1.8ms | Allocations: 577)
Completed 200 OK in 364ms (Views: 22.9ms | ActiveRecord: 0.0ms | Allocations: 13307)


Started GET "/users/sign_up" for 127.0.0.1 at 2023-06-14 15:20:22 -0500
Processing by Devise::RegistrationsController#new as HTML
  Rendering devise/registrations/new.html.erb within layouts/empty
  Rendered devise/shared/_error_messages.html.erb (Duration: 1.3ms | Allocations: 219)
  Rendered devise/shared/_links.html.erb (Duration: 0.8ms | Allocations: 124)
  Rendered devise/registrations/new.html.erb within layouts/empty (Duration: 29.4ms | Allocations: 1454)
Completed 200 OK in 59ms (Views: 56.5ms | ActiveRecord: 0.0ms | Allocations: 14610)


Started POST "/users" for 127.0.0.1 at 2023-06-14 15:20:40 -0500
Processing by Devise::RegistrationsController#create as HTML
  Parameters: {"authenticity_token"=>"roQ04mW70qlpJz83TcfgeuW90Kecf0LlGyKZ9W4ZW0efM3QmECdRujyxIOmhBdib7qHEUamMVzLfgUxKhsBvdw==", "user"=>{"email"=>"luislemus0109@gmail.com", "password"=>"[FILTERED]", "password_confirmation"=>"[FILTERED]"}, "commit"=>"Sign up"}
  [1m[35m (0.2ms)[0m  [1m[36mbegin transaction[0m
  [1m[36mUser Exists? (0.4ms)[0m  [1m[34mSELECT 1 AS one FROM "users" WHERE "users"."email" = ? LIMIT ?[0m  [["email", "luislemus0109@gmail.com"], ["LIMIT", 1]]
  [1m[36mUser Create (0.9ms)[0m  [1m[32mINSERT INTO "users" ("email", "encrypted_password", "created_at", "updated_at") VALUES (?, ?, ?, ?)[0m  [["email", "luislemus0109@gmail.com"], ["encrypted_password", "$2a$12$Cpb3vqL2BWKb7uKbzHkwj.24Nw9PfiIA7zHcxUPIxSyXd1HPoDgTK"], ["created_at", "2023-06-14 20:20:40.619147"], ["updated_at", "2023-06-14 20:20:40.619147"]]
  [1m[35m (7.7ms)[0m  [1m[36mcommit transaction[0m
Redirected to http://localhost:3000/
Completed 303 See Other in 358ms (ActiveRecord: 9.2ms | Allocations: 9329)


Started GET "/" for 127.0.0.1 at 2023-06-14 15:20:40 -0500
Processing by HomeController#index as HTML
  [1m[36mUser Load (0.5ms)[0m  [1m[34mSELECT "users".* FROM "users" WHERE "users"."id" = ? ORDER BY "users"."id" ASC LIMIT ?[0m  [["id", 1], ["LIMIT", 1]]
  Rendering home/index.html.erb within layouts/application
  Rendered home/index.html.erb within layouts/application (Duration: 0.6ms | Allocations: 137)
  Rendered layouts/_navigation.html.erb (Duration: 3.2ms | Allocations: 1213)
  Rendered layouts/_topnavbar.html.erb (Duration: 0.9ms | Allocations: 209)
  Rendered layouts/_footer.html.erb (Duration: 0.3ms | Allocations: 92)
Completed 200 OK in 37ms (Views: 31.5ms | ActiveRecord: 0.5ms | Allocations: 17528)


Started DELETE "/users/sign_out" for 127.0.0.1 at 2023-06-14 15:20:56 -0500
Processing by Devise::SessionsController#destroy as HTML
  Parameters: {"authenticity_token"=>"CBbENCCJvgGNEs6xlO3YZAo89a74Sto6CUU/ZKRkbto5oYTwVRU9EtiE0W94L+CFASDhWM25z+3N5urbTL1a6g=="}
  [1m[36mUser Load (0.5ms)[0m  [1m[34mSELECT "users".* FROM "users" WHERE "users"."id" = ? ORDER BY "users"."id" ASC LIMIT ?[0m  [["id", 1], ["LIMIT", 1]]
Redirected to http://localhost:3000/
Completed 303 See Other in 23ms (ActiveRecord: 0.5ms | Allocations: 6913)


Started GET "/" for 127.0.0.1 at 2023-06-14 15:20:56 -0500
Processing by HomeController#index as HTML
Completed 401 Unauthorized in 1ms (ActiveRecord: 0.0ms | Allocations: 336)


Started GET "/users/sign_in" for 127.0.0.1 at 2023-06-14 15:20:56 -0500
Processing by Devise::SessionsController#new as HTML
  Rendering devise/sessions/new.html.erb within layouts/empty
  Rendered devise/shared/_links.html.erb (Duration: 0.4ms | Allocations: 135)
  Rendered devise/sessions/new.html.erb within layouts/empty (Duration: 1.9ms | Allocations: 598)
Completed 200 OK in 28ms (Views: 25.5ms | ActiveRecord: 0.0ms | Allocations: 13443)


Started POST "/users/sign_in" for 127.0.0.1 at 2023-06-14 15:21:03 -0500
Processing by Devise::SessionsController#create as HTML
  Parameters: {"authenticity_token"=>"fBfU1iHPwH1CYIiE6vWCzYVGQBSpES0N20SG0pWZzLaIht8mA/5O4BOdurPidU+zfYstn7S/SnYEp5Ti9B4iRg==", "user"=>{"email"=>"luislemus0109@gmail.com", "password"=>"[FILTERED]"}, "commit"=>"Log in"}
  [1m[36mUser Load (0.6ms)[0m  [1m[34mSELECT "users".* FROM "users" WHERE "users"."email" = ? ORDER BY "users"."id" ASC LIMIT ?[0m  [["email", "luislemus0109@gmail.com"], ["LIMIT", 1]]
Redirected to http://localhost:3000/
Completed 303 See Other in 330ms (ActiveRecord: 0.6ms | Allocations: 3037)


Started GET "/" for 127.0.0.1 at 2023-06-14 15:21:04 -0500
Processing by HomeController#index as HTML
  [1m[36mUser Load (0.3ms)[0m  [1m[34mSELECT "users".* FROM "users" WHERE "users"."id" = ? ORDER BY "users"."id" ASC LIMIT ?[0m  [["id", 1], ["LIMIT", 1]]
  Rendering home/index.html.erb within layouts/application
  Rendered home/index.html.erb within layouts/application (Duration: 0.1ms | Allocations: 6)
  Rendered layouts/_navigation.html.erb (Duration: 1.1ms | Allocations: 436)
  Rendered layouts/_topnavbar.html.erb (Duration: 0.2ms | Allocations: 49)
  Rendered layouts/_footer.html.erb (Duration: 0.0ms | Allocations: 5)
Completed 200 OK in 32ms (Views: 26.2ms | ActiveRecord: 0.3ms | Allocations: 14740)


Started DELETE "/users/sign_out" for 127.0.0.1 at 2023-06-14 15:21:09 -0500
Processing by Devise::SessionsController#destroy as HTML
  Parameters: {"authenticity_token"=>"NVNA6SfAfLYSPEg8LnUOwcWsU+vncifAk2smP8+xHVzJa7s2MIWJrr1JKy0mhQ/VlPAlo8ZiN9Wi/XrYrj5ssg=="}
  [1m[36mUser Load (0.3ms)[0m  [1m[34mSELECT "users".* FROM "users" WHERE "users"."id" = ? ORDER BY "users"."id" ASC LIMIT ?[0m  [["id", 1], ["LIMIT", 1]]
Redirected to http://localhost:3000/
Completed 303 See Other in 9ms (ActiveRecord: 0.3ms | Allocations: 2098)


Started GET "/" for 127.0.0.1 at 2023-06-14 15:21:09 -0500
Processing by HomeController#index as HTML
Completed 401 Unauthorized in 1ms (ActiveRecord: 0.0ms | Allocations: 338)


Started GET "/users/sign_in" for 127.0.0.1 at 2023-06-14 15:21:09 -0500
Processing by Devise::SessionsController#new as HTML
  Rendering devise/sessions/new.html.erb within layouts/empty
  Rendered devise/shared/_links.html.erb (Duration: 0.4ms | Allocations: 134)
  Rendered devise/sessions/new.html.erb within layouts/empty (Duration: 2.1ms | Allocations: 589)
Completed 200 OK in 28ms (Views: 26.2ms | ActiveRecord: 0.0ms | Allocations: 13426)


Started POST "/users/sign_in" for 127.0.0.1 at 2023-06-14 15:21:15 -0500
Processing by Devise::SessionsController#create as HTML
  Parameters: {"authenticity_token"=>"X7R/HBox7ef/fLKb/nuL1pJ3tYwFsB3REuzLPAta1E5u+Jo18QCehVUDuKYT6suUcMkMzWnHGvwiDg3DfDw6/g==", "user"=>{"email"=>"luislemus0109@gmail.com", "password"=>"[FILTERED]"}, "commit"=>"Log in"}
  [1m[36mUser Load (0.4ms)[0m  [1m[34mSELECT "users".* FROM "users" WHERE "users"."email" = ? ORDER BY "users"."id" ASC LIMIT ?[0m  [["email", "luislemus0109@gmail.com"], ["LIMIT", 1]]
Completed 401 Unauthorized in 336ms (ActiveRecord: 0.4ms | Allocations: 1864)


Processing by Devise::SessionsController#new as HTML
  Parameters: {"authenticity_token"=>"X7R/HBox7ef/fLKb/nuL1pJ3tYwFsB3REuzLPAta1E5u+Jo18QCehVUDuKYT6suUcMkMzWnHGvwiDg3DfDw6/g==", "user"=>{"email"=>"luislemus0109@gmail.com", "password"=>"[FILTERED]"}, "commit"=>"Log in"}
  Rendering devise/sessions/new.html.erb within layouts/empty
  Rendered devise/shared/_links.html.erb (Duration: 0.4ms | Allocations: 134)
  Rendered devise/sessions/new.html.erb within layouts/empty (Duration: 2.1ms | Allocations: 577)
Completed 200 OK in 337ms (Views: 22.6ms | ActiveRecord: 0.0ms | Allocations: 13296)


Started POST "/users/sign_in" for 127.0.0.1 at 2023-06-14 15:21:28 -0500
Processing by Devise::SessionsController#create as HTML
  Parameters: {"authenticity_token"=>"o4Elwuqa/j/kzMg8LxHnNqYJwHARvDEsJL0XoZkucsOSzcDrAauNXU6zwgHCgKd0RLd5MX3LNgEUX9Fe7kiccw==", "user"=>{"email"=>"luislemus0109@gmail.com", "password"=>"[FILTERED]"}, "commit"=>"Log in"}
  [1m[36mUser Load (0.3ms)[0m  [1m[34mSELECT "users".* FROM "users" WHERE "users"."email" = ? ORDER BY "users"."id" ASC LIMIT ?[0m  [["email", "luislemus0109@gmail.com"], ["LIMIT", 1]]
Redirected to http://localhost:3000/
Completed 303 See Other in 335ms (ActiveRecord: 0.3ms | Allocations: 2617)


Started GET "/" for 127.0.0.1 at 2023-06-14 15:21:29 -0500
Processing by HomeController#index as HTML
  [1m[36mUser Load (0.3ms)[0m  [1m[34mSELECT "users".* FROM "users" WHERE "users"."id" = ? ORDER BY "users"."id" ASC LIMIT ?[0m  [["id", 1], ["LIMIT", 1]]
  Rendering home/index.html.erb within layouts/application
  Rendered home/index.html.erb within layouts/application (Duration: 0.1ms | Allocations: 6)
  Rendered layouts/_navigation.html.erb (Duration: 0.9ms | Allocations: 427)
  Rendered layouts/_topnavbar.html.erb (Duration: 0.2ms | Allocations: 47)
  Rendered layouts/_footer.html.erb (Duration: 0.0ms | Allocations: 5)
Completed 200 OK in 44ms (Views: 38.3ms | ActiveRecord: 0.3ms | Allocations: 14725)


Started GET "/home/index" for 127.0.0.1 at 2023-06-14 15:21:51 -0500
Processing by HomeController#index as HTML
  [1m[36mUser Load (0.3ms)[0m  [1m[34mSELECT "users".* FROM "users" WHERE "users"."id" = ? ORDER BY "users"."id" ASC LIMIT ?[0m  [["id", 1], ["LIMIT", 1]]
  Rendering home/index.html.erb within layouts/application
  Rendered home/index.html.erb within layouts/application (Duration: 0.1ms | Allocations: 6)
  Rendered layouts/_navigation.html.erb (Duration: 1.2ms | Allocations: 426)
  Rendered layouts/_topnavbar.html.erb (Duration: 0.3ms | Allocations: 47)
  Rendered layouts/_footer.html.erb (Duration: 0.1ms | Allocations: 5)
Completed 200 OK in 35ms (Views: 28.3ms | ActiveRecord: 0.3ms | Allocations: 14723)


Started GET "/home/index" for 127.0.0.1 at 2023-06-14 15:21:53 -0500
Processing by HomeController#index as HTML
  [1m[36mUser Load (0.2ms)[0m  [1m[34mSELECT "users".* FROM "users" WHERE "users"."id" = ? ORDER BY "users"."id" ASC LIMIT ?[0m  [["id", 1], ["LIMIT", 1]]
  Rendering home/index.html.erb within layouts/application
  Rendered home/index.html.erb within layouts/application (Duration: 0.1ms | Allocations: 6)
  Rendered layouts/_navigation.html.erb (Duration: 1.0ms | Allocations: 427)
  Rendered layouts/_topnavbar.html.erb (Duration: 0.2ms | Allocations: 47)
  Rendered layouts/_footer.html.erb (Duration: 0.0ms | Allocations: 5)
Completed 200 OK in 30ms (Views: 25.3ms | ActiveRecord: 0.2ms | Allocations: 14723)


Started GET "/home/index" for 127.0.0.1 at 2023-06-14 15:35:29 -0500
  [1m[35m (0.1ms)[0m  [1m[34mSELECT sqlite_version(*)[0m
Processing by HomeController#index as HTML
  [1m[36mUser Load (0.4ms)[0m  [1m[34mSELECT "users".* FROM "users" WHERE "users"."id" = ? ORDER BY "users"."id" ASC LIMIT ?[0m  [["id", 1], ["LIMIT", 1]]
  Rendering home/index.html.erb within layouts/application
  Rendered home/index.html.erb within layouts/application (Duration: 0.1ms | Allocations: 6)
  Rendered layouts/_navigation.html.erb (Duration: 1.1ms | Allocations: 426)
  Rendered layouts/_topnavbar.html.erb (Duration: 0.2ms | Allocations: 47)
  Rendered layouts/_footer.html.erb (Duration: 0.0ms | Allocations: 5)
Completed 200 OK in 34ms (Views: 27.6ms | ActiveRecord: 0.4ms | Allocations: 14747)


Started DELETE "/users/sign_out" for 127.0.0.1 at 2023-06-14 15:35:34 -0500
Processing by Devise::SessionsController#destroy as HTML
  Parameters: {"authenticity_token"=>"KbMZgPwbjlNopGgi3jK42tj56vmW3RKYbuwFtLhMpeqBs0Th6ju0zzpVWLCqkLhi7vtQcOMRwEKFpO0T7OlGLw=="}
  [1m[36mUser Load (0.2ms)[0m  [1m[34mSELECT "users".* FROM "users" WHERE "users"."id" = ? ORDER BY "users"."id" ASC LIMIT ?[0m  [["id", 1], ["LIMIT", 1]]
Redirected to http://localhost:3000/
Completed 303 See Other in 9ms (ActiveRecord: 0.2ms | Allocations: 2091)


Started GET "/" for 127.0.0.1 at 2023-06-14 15:35:34 -0500
Processing by HomeController#index as HTML
Completed 401 Unauthorized in 2ms (ActiveRecord: 0.0ms | Allocations: 334)


Started GET "/users/sign_in" for 127.0.0.1 at 2023-06-14 15:35:34 -0500
Processing by Devise::SessionsController#new as HTML
  Rendering devise/sessions/new.html.erb within layouts/empty
  Rendered devise/shared/_links.html.erb (Duration: 0.4ms | Allocations: 134)
  Rendered devise/sessions/new.html.erb within layouts/empty (Duration: 2.4ms | Allocations: 589)
Completed 200 OK in 27ms (Views: 25.1ms | ActiveRecord: 0.0ms | Allocations: 13433)


Started GET "/users/password/new" for 127.0.0.1 at 2023-06-14 15:35:38 -0500
Processing by Devise::PasswordsController#new as HTML
  Rendering devise/passwords/new.html.erb within layouts/empty
  Rendered devise/shared/_error_messages.html.erb (Duration: 0.1ms | Allocations: 15)
  Rendered devise/shared/_links.html.erb (Duration: 0.5ms | Allocations: 141)
  Rendered devise/passwords/new.html.erb within layouts/empty (Duration: 4.4ms | Allocations: 911)
Completed 200 OK in 30ms (Views: 26.6ms | ActiveRecord: 0.0ms | Allocations: 14029)


Started GET "/users/sign_up" for 127.0.0.1 at 2023-06-14 15:35:44 -0500
Processing by Devise::RegistrationsController#new as HTML
  Rendering devise/registrations/new.html.erb within layouts/empty
  Rendered devise/shared/_error_messages.html.erb (Duration: 0.1ms | Allocations: 15)
  Rendered devise/shared/_links.html.erb (Duration: 0.3ms | Allocations: 79)
  Rendered devise/registrations/new.html.erb within layouts/empty (Duration: 2.3ms | Allocations: 681)
Completed 200 OK in 25ms (Views: 23.1ms | ActiveRecord: 0.0ms | Allocations: 13455)


Started POST "/users" for 127.0.0.1 at 2023-06-14 15:36:23 -0500
Processing by Devise::RegistrationsController#create as HTML
  Parameters: {"authenticity_token"=>"mglqEndHZW3sHdLP6mcUgwmKIl+AAp0WFljSMBRPFFFmLlKAtwZX9/bMtZ9UGr8/W6B+FeNQ6fWS5OCOTxYm1A==", "user"=>{"email"=>"wilmercarmona810@gmail.com", "password"=>"[FILTERED]", "password_confirmation"=>"[FILTERED]"}, "commit"=>"Sign up"}
  [1m[35m (0.2ms)[0m  [1m[36mbegin transaction[0m
  [1m[36mUser Exists? (0.3ms)[0m  [1m[34mSELECT 1 AS one FROM "users" WHERE "users"."email" = ? LIMIT ?[0m  [["email", "wilmercarmona810@gmail.com"], ["LIMIT", 1]]
  [1m[36mUser Create (0.6ms)[0m  [1m[32mINSERT INTO "users" ("email", "encrypted_password", "created_at", "updated_at") VALUES (?, ?, ?, ?)[0m  [["email", "wilmercarmona810@gmail.com"], ["encrypted_password", "$2a$12$M7xj979/OyAVX5VtfPnkv.KQY6KqG/K2cYiOSvTM4Z.REi/F7JuqO"], ["created_at", "2023-06-14 20:36:24.144159"], ["updated_at", "2023-06-14 20:36:24.144159"]]
  [1m[35m (8.1ms)[0m  [1m[36mcommit transaction[0m
Redirected to http://localhost:3000/
Completed 303 See Other in 350ms (ActiveRecord: 9.1ms | Allocations: 7805)


Started GET "/" for 127.0.0.1 at 2023-06-14 15:36:24 -0500
Processing by HomeController#index as HTML
  [1m[36mUser Load (0.2ms)[0m  [1m[34mSELECT "users".* FROM "users" WHERE "users"."id" = ? ORDER BY "users"."id" ASC LIMIT ?[0m  [["id", 2], ["LIMIT", 1]]
  Rendering home/index.html.erb within layouts/application
  Rendered home/index.html.erb within layouts/application (Duration: 0.1ms | Allocations: 6)
  Rendered layouts/_navigation.html.erb (Duration: 1.3ms | Allocations: 435)
  Rendered layouts/_topnavbar.html.erb (Duration: 0.3ms | Allocations: 49)
  Rendered layouts/_footer.html.erb (Duration: 0.0ms | Allocations: 5)
Completed 200 OK in 44ms (Views: 40.1ms | ActiveRecord: 0.2ms | Allocations: 14742)


Started GET "/" for 127.0.0.1 at 2023-06-14 16:10:10 -0500
  [1m[35m (0.1ms)[0m  [1m[34mSELECT sqlite_version(*)[0m
Processing by HomeController#index as HTML
  [1m[36mUser Load (0.4ms)[0m  [1m[34mSELECT "users".* FROM "users" WHERE "users"."id" = ? ORDER BY "users"."id" ASC LIMIT ?[0m  [["id", 2], ["LIMIT", 1]]
  Rendering home/index.html.erb within layouts/application
  Rendered home/index.html.erb within layouts/application (Duration: 0.1ms | Allocations: 4)
  Rendered layouts/_navigation.html.erb (Duration: 2.3ms | Allocations: 865)
  Rendered layouts/_topnavbar.html.erb (Duration: 0.2ms | Allocations: 50)
  Rendered layouts/_footer.html.erb (Duration: 0.0ms | Allocations: 5)
Completed 200 OK in 67ms (Views: 31.1ms | ActiveRecord: 0.4ms | Allocations: 20207)


  [1m[35m (0.6ms)[0m  [1m[34mSELECT sqlite_version(*)[0m
  [1m[35m (0.2ms)[0m  [1m[34mSELECT "schema_migrations"."version" FROM "schema_migrations" ORDER BY "schema_migrations"."version" ASC[0m
Migrating to CreateSecciones (20230614224116)
  [1m[35m (0.2ms)[0m  [1m[36mbegin transaction[0m
  [1m[35m (0.9ms)[0m  [1m[35mCREATE TABLE "secciones" ("id" integer PRIMARY KEY AUTOINCREMENT NOT NULL, "nombre" varchar, "created_at" datetime(6) NOT NULL, "updated_at" datetime(6) NOT NULL)[0m
  [1m[36mprimary::SchemaMigration Create (0.4ms)[0m  [1m[32mINSERT INTO "schema_migrations" ("version") VALUES (?)[0m  [["version", "20230614224116"]]
  [1m[35m (9.6ms)[0m  [1m[36mcommit transaction[0m
Migrating to CreateProductos (20230614224140)
  [1m[35m (0.2ms)[0m  [1m[36mbegin transaction[0m
  [1m[35m (0.9ms)[0m  [1m[35mCREATE TABLE "productos" ("id" integer PRIMARY KEY AUTOINCREMENT NOT NULL, "nombre" varchar, "precio" integer, "seccion_id" integer NOT NULL, "created_at" datetime(6) NOT NULL, "updated_at" datetime(6) NOT NULL, CONSTRAINT "fk_rails_5b71d8d455"
FOREIGN KEY ("seccion_id")
  REFERENCES "secciones" ("id")
)[0m
  [1m[35m (0.3ms)[0m  [1m[35mCREATE  INDEX "index_productos_on_seccion_id" ON "productos" ("seccion_id")[0m
  [1m[36mprimary::SchemaMigration Create (0.4ms)[0m  [1m[32mINSERT INTO "schema_migrations" ("version") VALUES (?)[0m  [["version", "20230614224140"]]
  [1m[35m (3.5ms)[0m  [1m[36mcommit transaction[0m
  [1m[36mActiveRecord::InternalMetadata Load (0.2ms)[0m  [1m[34mSELECT "ar_internal_metadata".* FROM "ar_internal_metadata" WHERE "ar_internal_metadata"."key" = ? LIMIT ?[0m  [["key", "environment"], ["LIMIT", 1]]
  [1m[35m (0.1ms)[0m  [1m[34mSELECT sqlite_version(*)[0m
  [1m[35m (0.2ms)[0m  [1m[34mSELECT "schema_migrations"."version" FROM "schema_migrations" ORDER BY "schema_migrations"."version" ASC[0m
  [1m[35m (1.0ms)[0m  [1m[34mSELECT sqlite_version(*)[0m
  [1m[35m (0.1ms)[0m  [1m[36mbegin transaction[0m
  [1m[36mSeccion Create (0.6ms)[0m  [1m[32mINSERT INTO "secciones" ("nombre", "created_at", "updated_at") VALUES (?, ?, ?)[0m  [["nombre", "Asados"], ["created_at", "2023-06-14 22:42:12.151420"], ["updated_at", "2023-06-14 22:42:12.151420"]]
  [1m[35m (3.0ms)[0m  [1m[36mcommit transaction[0m
  [1m[35m (0.6ms)[0m  [1m[34mSELECT sqlite_version(*)[0m
  [1m[36mProducto Load (0.5ms)[0m  [1m[34mSELECT "productos".* FROM "productos" LIMIT ?[0m  [["LIMIT", 11]]
  [1m[36mSeccion Load (0.3ms)[0m  [1m[34mSELECT "secciones".* FROM "secciones" LIMIT ?[0m  [["LIMIT", 11]]
  [1m[36mProducto Load (0.2ms)[0m  [1m[34mSELECT "productos".* FROM "productos" LIMIT ?[0m  [["LIMIT", 11]]
  [1m[35m (0.6ms)[0m  [1m[34mSELECT sqlite_version(*)[0m
  [1m[35m (0.2ms)[0m  [1m[34mSELECT "schema_migrations"."version" FROM "schema_migrations" ORDER BY "schema_migrations"."version" ASC[0m
  [1m[36mActiveRecord::InternalMetadata Load (0.2ms)[0m  [1m[34mSELECT "ar_internal_metadata".* FROM "ar_internal_metadata" WHERE "ar_internal_metadata"."key" = ? LIMIT ?[0m  [["key", "environment"], ["LIMIT", 1]]
  [1m[35m (0.1ms)[0m  [1m[34mSELECT sqlite_version(*)[0m
  [1m[35m (0.1ms)[0m  [1m[34mSELECT "schema_migrations"."version" FROM "schema_migrations" ORDER BY "schema_migrations"."version" ASC[0m
  [1m[35m (1.0ms)[0m  [1m[34mSELECT sqlite_version(*)[0m
  [1m[36mProducto Load (0.5ms)[0m  [1m[34mSELECT "productos".* FROM "productos" LIMIT ?[0m  [["LIMIT", 11]]
  [1m[36mSeccion Load (0.4ms)[0m  [1m[34mSELECT "secciones".* FROM "secciones" LIMIT ?[0m  [["LIMIT", 11]]
  [1m[36mSeccion Load (0.3ms)[0m  [1m[34mSELECT "secciones".* FROM "secciones" LIMIT ?[0m  [["LIMIT", 11]]
  [1m[36mProducto Load (0.2ms)[0m  [1m[34mSELECT "productos".* FROM "productos" LIMIT ?[0m  [["LIMIT", 11]]
  [1m[36mSeccion Load (0.4ms)[0m  [1m[34mSELECT "secciones".* FROM "secciones" ORDER BY "secciones"."id" ASC LIMIT ?[0m  [["LIMIT", 1]]
  [1m[35m (0.2ms)[0m  [1m[36mbegin transaction[0m
  [1m[36mSeccion Load (0.4ms)[0m  [1m[34mSELECT "secciones".* FROM "secciones" WHERE "secciones"."id" = ? LIMIT ?[0m  [["id", 1], ["LIMIT", 1]]
  [1m[36mProducto Create (0.9ms)[0m  [1m[32mINSERT INTO "productos" ("nombre", "precio", "seccion_id", "created_at", "updated_at") VALUES (?, ?, ?, ?, ?)[0m  [["nombre", "Carne"], ["precio", 9000], ["seccion_id", 1], ["created_at", "2023-06-14 22:48:30.938220"], ["updated_at", "2023-06-14 22:48:30.938220"]]
  [1m[35m (7.6ms)[0m  [1m[36mcommit transaction[0m
  [1m[36mSeccion Load (0.3ms)[0m  [1m[34mSELECT "secciones".* FROM "secciones" LIMIT ?[0m  [["LIMIT", 11]]
Started GET "/secciones" for 127.0.0.1 at 2023-06-14 17:55:21 -0500
  [1m[35m (0.5ms)[0m  [1m[34mSELECT sqlite_version(*)[0m
  [1m[35m (0.4ms)[0m  [1m[34mSELECT "schema_migrations"."version" FROM "schema_migrations" ORDER BY "schema_migrations"."version" ASC[0m
Processing by SeccionesController#index as HTML
  Rendering secciones/index.html.erb within layouts/application
  Rendered secciones/index.html.erb within layouts/application (Duration: 2.0ms | Allocations: 858)
  Rendered layouts/_navigation.html.erb (Duration: 4.6ms | Allocations: 1304)
  Rendered layouts/_topnavbar.html.erb (Duration: 1.7ms | Allocations: 213)
  Rendered layouts/_footer.html.erb (Duration: 0.2ms | Allocations: 92)
Completed 200 OK in 3898ms (Views: 3883.5ms | ActiveRecord: 0.0ms | Allocations: 281888)


Started GET "/secciones" for 127.0.0.1 at 2023-06-14 17:56:49 -0500
  [1m[35m (0.1ms)[0m  [1m[34mSELECT sqlite_version(*)[0m
Processing by SeccionesController#index as HTML
  Rendering secciones/index.html.erb within layouts/application
  Rendered secciones/index.html.erb within layouts/application (Duration: 0.4ms | Allocations: 96)
  Rendered layouts/_navigation.html.erb (Duration: 2.9ms | Allocations: 1257)
  Rendered layouts/_topnavbar.html.erb (Duration: 0.9ms | Allocations: 201)
  Rendered layouts/_footer.html.erb (Duration: 0.3ms | Allocations: 89)
Completed 200 OK in 33ms (Views: 28.6ms | ActiveRecord: 0.0ms | Allocations: 18636)


Started GET "/secciones" for 127.0.0.1 at 2023-06-14 18:00:07 -0500
  [1m[35m (0.5ms)[0m  [1m[34mSELECT sqlite_version(*)[0m
  [1m[35m (0.5ms)[0m  [1m[34mSELECT "schema_migrations"."version" FROM "schema_migrations" ORDER BY "schema_migrations"."version" ASC[0m
Processing by SeccionesController#index as HTML
  [1m[36mSeccion Load (0.5ms)[0m  [1m[34mSELECT "secciones".* FROM "secciones"[0m
  ↳ app/controllers/secciones_controller.rb:4:in `puts'
  Rendering secciones/index.html.erb within layouts/application
  Rendered secciones/index.html.erb within layouts/application (Duration: 7.1ms | Allocations: 2601)
Completed 500 Internal Server Error in 35ms (ActiveRecord: 1.9ms | Allocations: 9502)


  
ActionView::Template::Error (Missing partial secciones/_seccion with {:locale=>[:en], :formats=>[:html], :variants=>[], :handlers=>[:raw, :erb, :html, :builder, :ruby, :jbuilder]}. Searched in:
  * "/home/equiponose/Documentos/GitHub/ADSO2558427EQUIPO1WEB/proyecto/proyecto2/Proyecto1/app/views"
  * "/home/equiponose/.rbenv/versions/2.6.2/lib/ruby/gems/2.6.0/gems/devise-4.9.2/app/views"
  * "/home/equiponose/.rbenv/versions/2.6.2/lib/ruby/gems/2.6.0/gems/actiontext-6.0.1/app/views"
  * "/home/equiponose/.rbenv/versions/2.6.2/lib/ruby/gems/2.6.0/gems/actionmailbox-6.0.1/app/views"
):
    2: <p>Find me in app/views/secciones/index.html.erb</p>
    3: 
    4: <ul>
    5:     <%= render @secciones %>
    6: </ul>
  
app/views/secciones/index.html.erb:5
Started GET "/secciones" for 127.0.0.1 at 2023-06-14 18:00:37 -0500
Processing by SeccionesController#index as HTML
  [1m[36mSeccion Load (0.3ms)[0m  [1m[34mSELECT "secciones".* FROM "secciones"[0m
  ↳ app/controllers/secciones_controller.rb:4:in `puts'
  Rendering secciones/index.html.erb within layouts/application
  Rendered collection of secciones/_seccion.html.erb [1 times] (Duration: 0.8ms | Allocations: 120)
  Rendered secciones/index.html.erb within layouts/application (Duration: 3.0ms | Allocations: 456)
  Rendered layouts/_navigation.html.erb (Duration: 2.7ms | Allocations: 1303)
  Rendered layouts/_topnavbar.html.erb (Duration: 0.6ms | Allocations: 213)
  Rendered layouts/_footer.html.erb (Duration: 0.2ms | Allocations: 92)
Completed 200 OK in 227ms (Views: 220.0ms | ActiveRecord: 0.3ms | Allocations: 82518)


  [1m[35m (0.7ms)[0m  [1m[34mSELECT sqlite_version(*)[0m
  [1m[35m (0.1ms)[0m  [1m[36mbegin transaction[0m
  [1m[36mSeccion Create (0.6ms)[0m  [1m[32mINSERT INTO "secciones" ("nombre", "created_at", "updated_at") VALUES (?, ?, ?)[0m  [["nombre", "otro"], ["created_at", "2023-06-14 23:01:05.683314"], ["updated_at", "2023-06-14 23:01:05.683314"]]
  [1m[35m (3.0ms)[0m  [1m[36mcommit transaction[0m
Started GET "/secciones" for 127.0.0.1 at 2023-06-14 18:01:09 -0500
Processing by SeccionesController#index as HTML
  [1m[36mSeccion Load (0.4ms)[0m  [1m[34mSELECT "secciones".* FROM "secciones"[0m
  ↳ app/controllers/secciones_controller.rb:4:in `puts'
  Rendering secciones/index.html.erb within layouts/application
  Rendered collection of secciones/_seccion.html.erb [2 times] (Duration: 0.1ms | Allocations: 20)
  Rendered secciones/index.html.erb within layouts/application (Duration: 0.6ms | Allocations: 113)
  Rendered layouts/_navigation.html.erb (Duration: 0.9ms | Allocations: 436)
  Rendered layouts/_topnavbar.html.erb (Duration: 0.2ms | Allocations: 49)
  Rendered layouts/_footer.html.erb (Duration: 0.0ms | Allocations: 5)
Completed 200 OK in 28ms (Views: 23.3ms | ActiveRecord: 0.4ms | Allocations: 15234)


Started GET "/secciones" for 127.0.0.1 at 2023-06-14 18:01:51 -0500
Processing by SeccionesController#index as HTML
  [1m[36mSeccion Load (0.3ms)[0m  [1m[34mSELECT "secciones".* FROM "secciones"[0m
  ↳ app/controllers/secciones_controller.rb:4:in `puts'
  Rendering secciones/index.html.erb within layouts/application
  Rendered collection of secciones/_seccion.html.erb [2 times] (Duration: 1.1ms | Allocations: 146)
  Rendered secciones/index.html.erb within layouts/application (Duration: 3.0ms | Allocations: 480)
  Rendered layouts/_navigation.html.erb (Duration: 1.7ms | Allocations: 761)
  Rendered layouts/_topnavbar.html.erb (Duration: 0.8ms | Allocations: 200)
  Rendered layouts/_footer.html.erb (Duration: 0.5ms | Allocations: 89)
Completed 200 OK in 51ms (Views: 46.7ms | ActiveRecord: 0.3ms | Allocations: 17753)


Started GET "/" for ::1 at 2023-06-14 22:06:14 -0500
  [1m[35m (4.9ms)[0m  [1m[34mSELECT sqlite_version(*)[0m
  [1m[35m (0.5ms)[0m  [1m[34mSELECT "schema_migrations"."version" FROM "schema_migrations" ORDER BY "schema_migrations"."version" ASC[0m
Processing by HomeController#index as HTML
Completed 401 Unauthorized in 10ms (ActiveRecord: 0.0ms | Allocations: 2826)


Started GET "/users/sign_in" for ::1 at 2023-06-14 22:06:15 -0500
Processing by Devise::SessionsController#new as HTML
  Rendering devise/sessions/new.html.erb within layouts/empty
  Rendered devise/shared/_links.html.erb (Duration: 2.1ms | Allocations: 653)
  Rendered devise/sessions/new.html.erb within layouts/empty (Duration: 16.9ms | Allocations: 2458)
Completed 200 OK in 8087ms (Views: 8060.4ms | ActiveRecord: 1.4ms | Allocations: 400765)


Started POST "/users/sign_in" for ::1 at 2023-06-14 22:06:28 -0500
Processing by Devise::SessionsController#create as HTML
  Parameters: {"authenticity_token"=>"rzxDA/Cs/7xUc2rQTE1IR5CxyfrlH48phKIw/ujq8voyV6hUcnvyhvFDYiqoP3CTKBDk0mRZdddIGf20rBv5Eg==", "user"=>{"email"=>"luislemus0109@gmail.com", "password"=>"[FILTERED]"}, "commit"=>"Log in"}
  [1m[36mUser Load (0.4ms)[0m  [1m[34mSELECT "users".* FROM "users" WHERE "users"."email" = ? ORDER BY "users"."id" ASC LIMIT ?[0m  [["email", "luislemus0109@gmail.com"], ["LIMIT", 1]]
Redirected to http://localhost:3000/
Completed 303 See Other in 548ms (ActiveRecord: 0.4ms | Allocations: 6988)


Started GET "/" for ::1 at 2023-06-14 22:06:29 -0500
Processing by HomeController#index as HTML
  [1m[36mUser Load (0.4ms)[0m  [1m[34mSELECT "users".* FROM "users" WHERE "users"."id" = ? ORDER BY "users"."id" ASC LIMIT ?[0m  [["id", 1], ["LIMIT", 1]]
  Rendering home/index.html.erb within layouts/application
  Rendered home/index.html.erb within layouts/application (Duration: 0.6ms | Allocations: 143)
  Rendered layouts/_navigation.html.erb (Duration: 3.7ms | Allocations: 1285)
  Rendered layouts/_topnavbar.html.erb (Duration: 0.8ms | Allocations: 209)
  Rendered layouts/_footer.html.erb (Duration: 0.7ms | Allocations: 92)
Completed 200 OK in 87ms (Views: 79.7ms | ActiveRecord: 0.4ms | Allocations: 19123)


Started GET "/home/index" for ::1 at 2023-06-14 22:06:43 -0500
Processing by HomeController#index as HTML
  [1m[36mUser Load (0.1ms)[0m  [1m[34mSELECT "users".* FROM "users" WHERE "users"."id" = ? ORDER BY "users"."id" ASC LIMIT ?[0m  [["id", 1], ["LIMIT", 1]]
  Rendering home/index.html.erb within layouts/application
  Rendered home/index.html.erb within layouts/application (Duration: 0.1ms | Allocations: 5)
  Rendered layouts/_navigation.html.erb (Duration: 1.3ms | Allocations: 436)
  Rendered layouts/_topnavbar.html.erb (Duration: 0.2ms | Allocations: 49)
  Rendered layouts/_footer.html.erb (Duration: 0.0ms | Allocations: 5)
Completed 200 OK in 30ms (Views: 26.3ms | ActiveRecord: 0.1ms | Allocations: 15950)


Started GET "/secciones" for ::1 at 2023-06-14 22:06:51 -0500
Processing by SeccionesController#index as HTML
  [1m[36mSeccion Load (0.3ms)[0m  [1m[34mSELECT "secciones".* FROM "secciones"[0m
  ↳ app/controllers/secciones_controller.rb:4:in `puts'
  Rendering secciones/index.html.erb within layouts/application
  Rendered collection of secciones/_seccion.html.erb [2 times] (Duration: 0.6ms | Allocations: 153)
  Rendered secciones/index.html.erb within layouts/application (Duration: 2.5ms | Allocations: 520)
  Rendered layouts/_navigation.html.erb (Duration: 0.5ms | Allocations: 436)
  Rendered layouts/_topnavbar.html.erb (Duration: 0.1ms | Allocations: 49)
  Rendered layouts/_footer.html.erb (Duration: 0.0ms | Allocations: 5)
Completed 200 OK in 282ms (Views: 30.1ms | ActiveRecord: 1.0ms | Allocations: 20231)


